audit-migrations.............................................................Passed
Check migration ENUM patterns................................................Passed
PDF generation smoke test................................(no files to check)Skipped
Phase 2D gate enforcement....................................................Passed
Check for shadow directories (Rule 14.1).....................................Passed
Check SQLAlchemy enum patterns have values_callable..........................Passed
Documentation whitelist enforcement (Rule 14.2)..............................Passed
UI canon enforcement (inline styles, hardcoded colors).......................Passed
Dependency vulnerability scan (pip-audit)....................................Passed
mypy (critical paths - blocks on new errors).................................Passed
fix end of files.............................................................Failed
- hook id: end-of-file-fixer
- exit code: 1
- files were modified by this hook

Fixing git_status.txt

trim trailing whitespace.....................................................Passed
check yaml...................................................................Passed
check for merge conflicts....................................................Passed
black........................................................................Passed
ruff.........................................................................Passed
flake8.......................................................................Passed
bandit.......................................................................Passed
mypy-backend.................................................................Failed
- hook id: mypy
- exit code: 1

backend/app/utils/logging.py:31: error: Cannot find implementation or library stub for module named "importlib_metadata"  [import-not-found]
backend/app/utils/logging.py:31: note: See https://mypy.readthedocs.io/en/stable/running_mypy.html#missing-imports
backend/app/utils/security.py:10: error: Library stubs not installed for "passlib.context"  [import-untyped]
backend/app/utils/security.py:10: note: Hint: "python3 -m pip install types-passlib"
backend/app/utils/security.py:10: note: (or run "mypy --install-types" to install all missing stub packages)
backend/app/utils/security.py:12: error: Unused "type: ignore" comment  [unused-ignore]
Found 3 errors in 2 files (checked 16 source files)

prettier.....................................................................Passed
prettier-admin...........................................(no files to check)Skipped
eslint.......................................................................Passed
eslint-admin.............................................(no files to check)Skipped
