Name                                                           Stmts   Miss Branch BrPart  Cover   Missing
----------------------------------------------------------------------------------------------------------
backend/app/services/agents/ura_integration.py                    86     45     20      0    39%   61-87, 95-142, 147-161, 167, 184-205, 213-240, 250-267
backend/app/core/database.py                                      46     25     12      2    40%   24-28, 34, 49-68, 86-90
backend/app/api/v1/users_secure.py                                67     29     14      0    47%   34-36, 71-94, 102-119, 125, 141-146, 152-156
backend/app/services/agents/investment_memorandum.py             307    148     14      0    51%   47-66, 81-165, 172-193, 204-238, 251-290, 301-311, 319-354, 363-421, 503-578, 584-642
backend/app/services/deals/pipeline.py                           146     56     62     14    53%   55, 59, 61, 78-84, 190-221, 240-241, 243-244, 247, 258, 303->305, 305->301, 308-309, 312->318, 332, 336, 361, 373-376, 386-389
backend/app/services/developer_checklist_service.py              344    138    138     25    54%   243, 248, 251, 257, 261, 277, 292, 323->328, 329, 334-335, 400-409, 475, 504, 526, 532, 536, 567, 582->580, 601-603, 605->608, 610-616, 630->627, 646->649, 665-672, 686-746, 764, 769, 781-797, 815-845, 856-878, 886-941
backend/app/core/audit/ledger.py                                  98     35     28      0    56%   156-158, 166-179, 185-197, 205-226
backend/app/main.py                                              128     50     18      5    58%   87-92, 124-130, 141->149, 171->174, 180->183, 191->194, 200->203, 215-217, 228-241, 264-265, 275-310, 323-350
backend/app/api/v1/projects_api.py                               109     38     12      0    59%   107-121, 127-131, 141-150, 161-180, 190-204, 213-232
backend/app/api/v1/test_users.py                                  31     10      4      0    60%   36, 44-55, 67-72
backend/app/services/agents/market_intelligence_analytics.py     305    100    132     31    60%   103, 166, 200->203, 207, 262->265, 273->272, 275->282, 332, 338, 389-426, 453-497, 512->515, 517->507, 525, 534-553, 602, 604, 651, 656, 669, 676, 685-686, 691, 730-733, 737-759, 765-790, 801-833, 839-847, 852, 867, 895->901, 905->911, 915->921, 926->932, 941-946, 965->973, 973->exit
backend/app/services/agents/marketing_materials.py               339    130     40      4    60%   53-95, 113-140, 173-236, 243-347, 354-370, 381-391, 589->612, 736->761, 912->924, 975
backend/app/api/v1/users_db.py                                    82     23      8      0    66%   106-126, 134-146, 154-159, 165-166, 175
backend/app/services/agents/photo_documentation.py               213     64     54     15    66%   78, 106-168, 180, 190, 197-199, 215->214, 230-234, 242, 254, 258-259, 274->273, 279-283, 321-322, 327, 337-339, 433->436, 491->500, 500->507, 513-540
backend/app/services/entitlements.py                             251     71     72     21    66%   61-65, 68-70, 82-101, 106-111, 126-162, 165-171, 180-185, 200, 224->227, 257, 262, 264, 266, 268, 270, 272, 274, 275->281, 277->281, 281->289, 283->289, 296, 344, 357, 384, 403, 419, 463, 484
backend/app/services/developer_condition_service.py              443    115    196     46    67%   23-27, 75, 125, 131, 185->191, 222, 227->230, 247->249, 256, 285, 293, 323-343, 351-378, 394->405, 397, 402, 421->428, 436-532, 540, 566, 569, 586, 594-596, 604-607, 612, 632->638, 671, 675, 679, 683, 721->724, 777->779, 801, 808, 827, 832->868, 846-859, 868->886, 873->886, 887->920, 906-907, 920->936, 948-949, 966, 974->976, 976->979, 989->1026, 1008-1014, 1027, 1052->1054
backend/app/core/config.py                                       182     45     36      9    68%   26-31, 40-44, 53-57, 66-72, 96-114, 124-128, 143, 204-207, 298
backend/app/api/v1/overlay.py                                     92     24     22      6    68%   38-52, 108, 126-129, 140, 168, 170, 183-190
backend/app/services/integrations/edgeprop.py                     35     11      0      0    69%   39-41, 48-50, 59-61, 64-65
backend/app/services/integrations/propertyguru.py                 35     11      0      0    69%   46-51, 58-60, 71-75, 78-79
backend/app/services/integrations/zoho.py                         35     11      0      0    69%   39-41, 48-50, 59-61, 64-65
backend/app/services/agents/market_data_service.py               197     56     36      1    69%   28, 33, 40, 152-164, 177, 216-218, 270-271, 317-318, 350-351, 418-450, 456-489, 505-521, 531-548
backend/app/services/agents/gps_property_logger.py               306     75    122     35    69%   212, 215-218, 219->238, 222, 233, 236, 247, 289-297, 300->308, 306, 322-379, 391-402, 410, 419, 426-437, 448, 450, 506->473, 528-529, 533-536, 543, 555, 587, 650-653, 686->695, 688->690, 692-693, 696-697, 699-700, 710->715, 746, 749, 759, 801->808, 809-812, 816-819, 825->830, 831, 835, 850
backend/app/core/rules/engine.py                                 314     78    190     46    71%   27, 66, 110, 112, 116, 138-149, 152, 175, 211, 234, 248, 260, 272-273, 280, 286, 288, 301, 309-326, 329, 336, 343, 346, 354, 356, 365, 368, 376-380, 386, 391, 394-399, 405, 418, 432, 438-443, 451, 456-461, 463, 464->466, 477, 479, 484-489, 491, 503, 508-509, 520->522, 523->525
backend/app/core/export/entitlements.py                          119     27     28      4    72%   62-63, 114, 182-274, 409, 413
backend/app/api/v1/developers.py                                 981    195    282     82    73%   55, 58-68, 83-84, 87-88, 90->111, 96->98, 98->100, 100->102, 104->102, 108->111, 112->147, 122->120, 140, 142->147, 148->176, 150->176, 154, 164->166, 166->168, 169->151, 172->170, 181, 190, 194->204, 197-202, 233-235, 241, 249, 252, 255, 260-265, 270, 274, 278-282, 285-302, 305-308, 731, 736-741, 774, 777->780, 781->786, 786->790, 791, 816->819, 820->825, 838->840, 841->844, 872->870, 876->888, 882, 885->888, 915, 928->931, 945->952, 951, 952->957, 954->953, 994->1000, 998->996, 1005, 1008-1009, 1056, 1061->1063, 1063->1067, 1067->1072, 1085->1087, 1087->1092, 1109-1112, 1137-1149, 1222->1226, 1224->1226, 1229-1230, 1284, 1301, 1304-1305, 1618-1619, 1641-1642, 1645, 1709-1756, 1769-1772, 1786-1810, 1830-1842, 1857-1905, 1921-1928, 1942-1946, 1962, 2018-2026, 2046, 2140-2164, 2167-2171, 2181-2185, 2190, 2195-2200, 2261, 2275-2310, 2335->2349
backend/app/services/agents/scenario_builder_3d.py               304     56     72     18    73%   96-144, 152-177, 194, 198, 237, 247-252, 296, 340, 357-364, 421, 487, 550-551, 568, 693->716, 772, 775, 777, 779, 797
backend/app/api/v1/feasibility.py                                 38      7     10      4    73%   26-38, 49, 51, 58->60, 60->62
backend/app/api/v1/finance.py                                    913    178    430    115    73%   109, 187, 201->203, 210->212, 281, 286->290, 343->360, 346, 406, 433, 437-438, 447, 452-455, 478, 492->499, 502, 545-556, 585-586, 592-598, 602-609, 620-621, 637, 644->659, 661, 669, 719->742, 755->762, 763->775, 767, 780->795, 784, 786, 793->795, 836, 845, 854->863, 863->882, 882->892, 893->896, 926-939, 1002->1005, 1013->1016, 1018-1040, 1043-1131, 1137->1139, 1141->1144, 1145->1168, 1162, 1165->1160, 1169->1206, 1172->1174, 1187->1189, 1203->1189, 1209->1211, 1213->1215, 1216->1253, 1239->1234, 1243-1251, 1254->1291, 1257->1259, 1271->1273, 1275, 1288->1273, 1294->1296, 1298->1300, 1308, 1311->1306, 1315->1354, 1318->1320, 1322->1324, 1335->1337, 1339, 1351->1337, 1356->1008, 1359->1361, 1363->1365, 1378->1380, 1382, 1384, 1391, 1407->1380, 1414->1417, 1417->1443, 1420->1422, 1424->1426, 1430->1432, 1435->1432, 1440->1426, 1445, 1481, 1482->1497, 1508-1509, 1550, 1552, 1554, 1556, 1585-1586, 1593-1603, 1612-1664, 1926, 1941, 2065, 2081->2090, 2084, 2091-2109, 2118-2119, 2140, 2159, 2219, 2225, 2233->2252, 2237, 2245->2252, 2254->2275, 2275->2301, 2282->2286, 2287-2295, 2331, 2344
backend/app/core/geometry/builder.py                             169     35    106     33    73%   26, 28-33, 41, 48, 51, 67, 83, 86, 99, 117, 121->127, 124, 147, 149->155, 152, 156->162, 159, 179, 181->187, 184, 203, 211, 213, 244, 251, 256, 262, 266-267, 273, 277, 283, 289, 293
backend/app/services/agents/universal_site_pack.py               277     73     18      5    74%   41-174, 181-194, 205-233, 269->304, 422->433, 477->501, 501->516, 630->647
backend/app/services/deals/performance.py                        278     65    100     16    74%   52->59, 112-119, 130-141, 157-192, 200-226, 240, 256-262, 290->285, 343, 349->352, 357, 384->377, 388, 408, 423, 439, 471, 527->529, 553, 557, 565
backend/app/api/v1/singapore_property_api.py                     269     51     46     13    74%   51-65, 255, 319->321, 321->323, 323->325, 325->331, 345-346, 358, 377-378, 390, 421-422, 434, 464-465, 477, 520, 552-580, 678, 720-723, 763-764, 778-779, 791
backend/app/utils/metrics.py                                     202     39     70     15    74%   282, 308, 312, 339, 368-380, 383->413, 389, 395, 399, 405-406, 409->411, 418-419, 424-438, 445, 460, 466
backend/app/models/base.py                                        84     16     42     10    76%   27, 39, 46, 50, 65, 66->74, 68-70, 77, 99-103, 118-119
backend/app/services/agents/development_potential_scanner.py     267     40     80     24    76%   106-128, 329->355, 390->394, 398->402, 402->406, 421-463, 474->478, 479, 482->487, 524->527, 595->615, 616, 632, 648, 670->681, 673->675, 675->677, 677->681, 689-698, 736->740, 781-786, 793->813, 821, 926->940, 937, 940->943
backend/app/models/__init__.py                                    31      5     12      5    77%   13, 16, 21-23, 71->69, 76->exit
backend/app/api/v1/imports.py                                    397     66    168     42    79%   78->80, 94->96, 121, 122->124, 144, 145->147, 162, 176->181, 206-207, 210-211, 214, 222-228, 250, 252, 290->298, 293, 313, 319, 334-335, 338->329, 340, 350-351, 359->358, 371-374, 378, 385, 388, 395, 470->472, 472->474, 509-517, 527, 535->537, 561, 597, 626, 642, 646->663, 684, 699, 709-718, 720->731, 746, 796-812, 825
backend/app/api/v1/products.py                                    35      6     10      3    80%   29, 41-42, 45, 47, 63
backend/app/services/base.py                                       5      1      0      0    80%   13
backend/app/services/overlay_ingest.py                            47      7      8      4    80%   27, 52, 56, 102-105
backend/app/services/integrations/accounts.py                    103     11     34     12    80%   41-42, 44-48, 50->39, 52->39, 84->92, 136, 138, 141->143, 154, 156, 159->161, 198->194
backend/app/services/agents/advisory.py                          122     16     28      9    81%   121, 124-130, 144-149, 176->180, 180->185, 203->208, 241, 246, 250, 252, 255-257, 390
backend/app/api/v1/ergonomics.py                                  22      3      4      2    81%   27, 29, 42
backend/app/api/v1/standards.py                                   24      3      8      3    81%   31, 33, 37
backend/app/services/reference_sources.py                        109     20     38      1    82%   49, 54, 63-100, 143->146
backend/app/api/v1/deals.py                                      125     18     36      9    82%   49-50, 56, 66-67, 145, 157-185, 200, 252, 297, 306, 337, 346, 374
backend/app/utils/singapore_compliance.py                        204     23     86     29    82%   36-42, 96->95, 98->95, 115->112, 119->128, 128->137, 137->152, 143->152, 146, 155, 222->221, 224->221, 228, 240->239, 246->263, 313, 394-404, 423->427, 436->443, 441, 467, 495->499, 508->515, 513, 557, 559, 566, 568, 570, 619->626
backend/app/services/deals/commission.py                          75      6     24     11    83%   51, 83->87, 86, 88, 100->103, 120->122, 123, 133->136, 164, 180->183, 214
backend/app/services/buildable.py                                264     32    120     25    84%   54, 59-84, 223-224, 247-248, 298->300, 343-346, 362, 376, 377->379, 391, 394, 395->412, 409-411, 431, 435->exit, 439->exit, 440->exit, 445->exit, 450->exit, 454->exit, 455->exit, 461-464, 470-472, 477, 480->484, 482-483, 489, 493
backend/app/api/v1/screen.py                                      79     11     16      4    84%   93-100, 118->123, 120->123, 126->131, 128->131, 156-214
backend/app/api/v1/rulesets.py                                    53      4     14      6    85%   36, 40, 75, 78, 101->99, 103->99
backend/app/schemas/overlay.py                                    69      6     12      6    85%   57, 60, 69, 77, 80, 97
backend/app/core/export/__init__.py                              243     22     60     14    86%   88, 95-97, 109, 163, 173-178, 252, 260-263, 271, 276, 311, 342->344, 354, 492, 529, 536->534, 539, 549->554
backend/app/middleware/observability.py                           20      3      2      0    86%   35-44
backend/app/schemas/buildable.py                                 111     10     14      5    86%   150, 152, 161, 170-173, 181, 189, 247
backend/app/api/v1/roi.py                                         30      4      0      0    87%   34, 45-47
backend/app/core/models/geometry.py                              270     22     90     21    87%   26, 102->104, 129->131, 132, 151->153, 155->157, 172->174, 193, 256, 294-295, 306, 313-314, 429-430, 456, 465-466, 470->469, 492->494, 495, 509, 513, 533-535, 539, 546
backend/app/api/v1/__init__.py                                    25      2      6      2    87%   116, 122
backend/app/api/v1/rules.py                                      178     17     66     14    87%   38, 41, 50, 59->57, 81->87, 202->201, 216-218, 244, 248-249, 251-252, 253->259, 259->261, 261->264, 278-285
backend/app/services/finance/asset_models.py                     198     15     88     21    87%   67->73, 71-72, 124, 129, 134, 139, 166->169, 174->181, 176->181, 183->190, 185->190, 191->195, 196-197, 201->209, 206-207, 210->218, 215-216, 258, 266->268, 268->270, 270->272, 272->274, 276->265, 280->288, 285-286
backend/app/services/asset_mix.py                                608     61    264     42    88%   171-176, 239, 255-256, 333, 337-338, 341->343, 410, 430, 433, 441, 444, 459, 462, 470->473, 486, 489-491, 497-500, 513, 526->531, 553->exit, 560, 569->exit, 596, 615, 626-628, 637, 680, 685, 712-738, 750, 771->exit, 823-833, 854-863, 880, 939->941, 1091, 1123, 1141->1173, 1158->1166, 1168->1171, 1208->1211, 1222, 1244
backend/app/api/v1/agents.py                                     417     43     48     11    88%   307-310, 366, 545->556, 548-554, 635-636, 699-700, 830-831, 861, 863, 887-888, 907-908, 948, 965-966, 979, 1201-1202, 1226, 1240-1242, 1245-1256, 1306-1310, 1314, 1356-1357
backend/app/api/v1/entitlements.py                               179     18      8      4    88%   112-131, 148-160, 228, 331, 434
backend/app/models/types.py                                       15      1      2      1    88%   29
backend/app/schemas/user.py                                       17      2      0      0    88%   29, 34
backend/app/services/feasibility.py                              167     11     76     17    88%   187, 198, 222, 229, 292, 300->302, 302->304, 304->299, 311->313, 313->317, 317->320, 346->352, 349-350, 355->358, 358->386, 362-363, 377-378, 441->446
backend/app/middleware/security.py                                49      1     12      6    89%   84->87, 94->100, 100->103, 103->108, 108->114, 124
backend/app/api/v1/costs.py                                       30      2      8      2    89%   31, 49
backend/app/services/reference_storage.py                         51      4      6      2    89%   49-54, 93, 95
backend/app/services/preview_jobs.py                             100      8     18      4    90%   19, 31, 167, 183-194
backend/app/services/preview_generator.py                        223     13     46     14    90%   149->151, 152, 157-158, 164, 234, 237, 240, 246, 279, 413, 432->446, 434->446, 436->446, 447, 455-456
backend/app/api/v1/compliance.py                                  20      2      0      0    90%   18, 22
backend/app/services/finance/calculator.py                       342     26    114     18    90%   154, 175, 227, 238->253, 241, 244, 257, 259, 261, 274, 294, 393-394, 438-440, 471->476, 483->486, 519, 582, 584, 586, 618, 631, 649, 666, 685, 702, 716
backend/app/utils/cache.py                                        36      3      8      1    91%   26, 53-54
backend/app/schemas/rulesets.py                                   87      4     14      5    91%   43, 47, 49->38, 52, 82
backend/app/schemas/property.py                                   38      2      8      2    91%   58, 63
backend/app/services/postgis.py                                   61      4     22      2    93%   19-20, 77-78, 84->75
backend/app/services/reference_parsers.py                        123      8     38      3    93%   26-35, 89->100, 175->exit
backend/app/core/overlay/merge.py                                 39      2     20      2    93%   25, 44
backend/app/core/export/guard.py                                  24      1      8      1    94%   38
backend/app/core/jwt_auth.py                                      60      3      6      1    94%   81, 92-93
backend/app/api/v1/review.py                                      42      0      8      3    94%   43->45, 68->70, 93->95
backend/app/schemas/finance.py                                   284     10     16      4    94%   112, 191, 206-218, 316, 320
backend/app/services/compliance.py                                56      2     12      2    94%   98, 102
backend/app/services/normalize.py                                 89      2     14      4    94%   33->35, 56->58, 102, 139
backend/app/utils/validators.py                                   38      1     18      2    95%   65->64, 68
backend/app/services/heritage_overlay.py                         107      4     28      3    95%   31-32, 94, 142, 212->210
backend/app/utils/logging.py                                      60      2     18      2    95%   45, 72
backend/app/core/metrics/roi.py                                   95      1     24      5    95%   88->90, 96, 115->117, 117->108, 156->159
backend/app/services/costs.py                                     49      0     12      3    95%   80->83, 123->125, 125->128
backend/app/api/v1/listings.py                                    74      2     14      2    95%   119, 125
backend/app/api/deps.py                                           38      1      8      1    96%   35
backend/app/models/developer_checklists.py                        70      3      0      0    96%   91, 152, 162
backend/app/services/geocoding.py                                108      4     38      2    96%   131->140, 186->176, 203-204, 282, 288
backend/app/api/v1/export.py                                      72      0     10      3    96%   119->130, 121->130, 131->133
backend/app/models/users.py                                       36      1      0      0    97%   65
backend/app/services/finance/re_metrics.py                       178      2     40      4    97%   507->523, 624, 628->630, 642
backend/app/services/storage.py                                  112      1     34      3    97%   143->146, 168, 172->174
backend/app/core/auth/policy.py                                   56      1     18      1    97%   62
backend/app/models/ai_agents.py                                   75      2      0      0    97%   92, 146
backend/app/core/geometry/utils.py                                57      1     20      1    97%   59
backend/app/schemas/deals.py                                     184      2     16      3    98%   139, 174->180, 245
backend/app/services/products.py                                  71      1     22      1    98%   119
backend/app/utils/_prometheus_stub.py                            135      1     34      1    99%   235
backend/app/utils/render.py                                       71      0     14      1    99%   100->102
backend/app/models/projects.py                                   108      1      0      0    99%   195
backend/app/models/rkp.py                                        227      2      2      0    99%   193, 226
backend/app/models/singapore_property.py                         128      1      0      0    99%   262
backend/app/services/agents/pdf_generator.py                     168      0     26      1    99%   323->333
----------------------------------------------------------------------------------------------------------
TOTAL                                                          18562   2770   4714   1037    81%

58 files skipped due to complete coverage.
