{"meta": {"format": 3, "version": "7.10.7", "timestamp": "2025-11-09T16:34:57.220910", "branch_coverage": true, "show_contexts": false}, "files": {"backend/app/__init__.py": {"executed_lines": [], "summary": {"covered_lines": 0, "num_statements": 0, "percent_covered": 100.0, "percent_covered_display": "100", "missing_lines": 0, "excluded_lines": 0, "num_branches": 0, "num_partial_branches": 0, "covered_branches": 0, "missing_branches": 0}, "missing_lines": [], "excluded_lines": [], "executed_branches": [], "missing_branches": [], "functions": {"": {"executed_lines": [], "summary": {"covered_lines": 0, "num_statements": 0, "percent_covered": 100.0, "percent_covered_display": "100", "missing_lines": 0, "excluded_lines": 0, "num_branches": 0, "num_partial_branches": 0, "covered_branches": 0, "missing_branches": 0}, "missing_lines": [], "excluded_lines": [], "executed_branches": [], "missing_branches": []}}, "classes": {"": {"executed_lines": [], "summary": {"covered_lines": 0, "num_statements": 0, "percent_covered": 100.0, "percent_covered_display": "100", "missing_lines": 0, "excluded_lines": 0, "num_branches": 0, "num_partial_branches": 0, "covered_branches": 0, "missing_branches": 0}, "missing_lines": [], "excluded_lines": [], "executed_branches": [], "missing_branches": []}}}, "backend/app/api/__init__.py": {"executed_lines": [], "summary": {"covered_lines": 0, "num_statements": 0, "percent_covered": 100.0, "percent_covered_display": "100", "missing_lines": 0, "excluded_lines": 0, "num_branches": 0, "num_partial_branches": 0, "covered_branches": 0, "missing_branches": 0}, "missing_lines": [], "excluded_lines": [], "executed_branches": [], "missing_branches": [], "functions": {"": {"executed_lines": [], "summary": {"covered_lines": 0, "num_statements": 0, "percent_covered": 100.0, "percent_covered_display": "100", "missing_lines": 0, "excluded_lines": 0, "num_branches": 0, "num_partial_branches": 0, "covered_branches": 0, "missing_branches": 0}, "missing_lines": [], "excluded_lines": [], "executed_branches": [], "missing_branches": []}}, "classes": {"": {"executed_lines": [], "summary": {"covered_lines": 0, "num_statements": 0, "percent_covered": 100.0, "percent_covered_display": "100", "missing_lines": 0, "excluded_lines": 0, "num_branches": 0, "num_partial_branches": 0, "covered_branches": 0, "missing_branches": 0}, "missing_lines": [], "excluded_lines": [], "executed_branches": [], "missing_branches": []}}}, "backend/app/core/__init__.py": {"executed_lines": [], "summary": {"covered_lines": 0, "num_statements": 0, "percent_covered": 100.0, "percent_covered_display": "100", "missing_lines": 0, "excluded_lines": 0, "num_branches": 0, "num_partial_branches": 0, "covered_branches": 0, "missing_branches": 0}, "missing_lines": [], "excluded_lines": [], "executed_branches": [], "missing_branches": [], "functions": {"": {"executed_lines": [], "summary": {"covered_lines": 0, "num_statements": 0, "percent_covered": 100.0, "percent_covered_display": "100", "missing_lines": 0, "excluded_lines": 0, "num_branches": 0, "num_partial_branches": 0, "covered_branches": 0, "missing_branches": 0}, "missing_lines": [], "excluded_lines": [], "executed_branches": [], "missing_branches": []}}, "classes": {"": {"executed_lines": [], "summary": {"covered_lines": 0, "num_statements": 0, "percent_covered": 100.0, "percent_covered_display": "100", "missing_lines": 0, "excluded_lines": 0, "num_branches": 0, "num_partial_branches": 0, "covered_branches": 0, "missing_branches": 0}, "missing_lines": [], "excluded_lines": [], "executed_branches": [], "missing_branches": []}}}, "backend/app/core/audit/__init__.py": {"executed_lines": [1, 3, 11], "summary": {"covered_lines": 2, "num_statements": 2, "percent_covered": 100.0, "percent_covered_display": "100", "missing_lines": 0, "excluded_lines": 0, "num_branches": 0, "num_partial_branches": 0, "covered_branches": 0, "missing_branches": 0}, "missing_lines": [], "excluded_lines": [], "executed_branches": [], "missing_branches": [], "functions": {"": {"executed_lines": [1, 3, 11], "summary": {"covered_lines": 2, "num_statements": 2, "percent_covered": 100.0, "percent_covered_display": "100", "missing_lines": 0, "excluded_lines": 0, "num_branches": 0, "num_partial_branches": 0, "covered_branches": 0, "missing_branches": 0}, "missing_lines": [], "excluded_lines": [], "executed_branches": [], "missing_branches": []}}, "classes": {"": {"executed_lines": [1, 3, 11], "summary": {"covered_lines": 2, "num_statements": 2, "percent_covered": 100.0, "percent_covered_display": "100", "missing_lines": 0, "excluded_lines": 0, "num_branches": 0, "num_partial_branches": 0, "covered_branches": 0, "missing_branches": 0}, "missing_lines": [], "excluded_lines": [], "executed_branches": [], "missing_branches": []}}}, "backend/app/core/audit/ledger.py": {"executed_lines": [1, 3, 5, 6, 7, 8, 9, 10, 12, 14, 15, 16, 17, 20, 23, 24, 25, 26, 27, 30, 33, 34, 35, 36, 37, 38, 41, 44, 45, 46, 49, 52, 53, 54, 64, 67, 70, 73, 76, 79, 80, 81, 84, 87, 93, 94, 97, 109, 110, 111, 112, 114, 115, 125, 126, 127, 129, 130, 131, 134, 153, 161, 182, 200], "summary": {"covered_lines": 61, "num_statements": 98, "percent_covered": 54.76190476190476, "percent_covered_display": "55", "missing_lines": 37, "excluded_lines": 2, "num_branches": 28, "num_partial_branches": 0, "covered_branches": 8, "missing_branches": 20}, "missing_lines": [137, 138, 156, 157, 158, 166, 167, 168, 170, 171, 172, 173, 174, 175, 176, 177, 179, 185, 186, 187, 197, 205, 210, 211, 213, 214, 215, 216, 217, 218, 219, 220, 221, 222, 223, 224, 226], "excluded_lines": [37, 38], "executed_branches": [[23, 24], [23, 25], [25, 26], [25, 27], [33, 34], [33, 35], [44, 45], [44, 46]], "missing_branches": [[156, 157], [156, 158], [170, 171], [170, 175], [171, 172], [171, 173], [173, 170], [173, 174], [175, 176], [175, 179], [176, 175], [176, 177], [214, 215], [214, 226], [218, 219], [218, 220], [220, 221], [220, 222], [222, 223], [222, 224]], "functions": {"_as_utc": {"executed_lines": [23, 24, 25, 26, 27], "summary": {"covered_lines": 5, "num_statements": 5, "percent_covered": 100.0, "percent_covered_display": "100", "missing_lines": 0, "excluded_lines": 0, "num_branches": 4, "num_partial_branches": 0, "covered_branches": 4, "missing_branches": 0}, "missing_lines": [], "excluded_lines": [], "executed_branches": [[23, 24], [23, 25], [25, 26], [25, 27]], "missing_branches": []}, "_coerce_float": {"executed_lines": [33, 34, 35, 36, 37, 38], "summary": {"covered_lines": 4, "num_statements": 4, "percent_covered": 100.0, "percent_covered_display": "100", "missing_lines": 0, "excluded_lines": 2, "num_branches": 2, "num_partial_branches": 0, "covered_branches": 2, "missing_branches": 0}, "missing_lines": [], "excluded_lines": [37, 38], "executed_branches": [[33, 34], [33, 35]], "missing_branches": []}, "_normalise_context": {"executed_lines": [44, 45, 46], "summary": {"covered_lines": 3, "num_statements": 3, "percent_covered": 100.0, "percent_covered_display": "100", "missing_lines": 0, "excluded_lines": 0, "num_branches": 2, "num_partial_branches": 0, "covered_branches": 2, "missing_branches": 0}, "missing_lines": [], "excluded_lines": [], "executed_branches": [[44, 45], [44, 46]], "missing_branches": []}, "_payload_for_hash": {"executed_lines": [52, 53, 54, 64], "summary": {"covered_lines": 4, "num_statements": 4, "percent_covered": 100.0, "percent_covered_display": "100", "missing_lines": 0, "excluded_lines": 0, "num_branches": 0, "num_partial_branches": 0, "covered_branches": 0, "missing_branches": 0}, "missing_lines": [], "excluded_lines": [], "executed_branches": [], "missing_branches": []}, "compute_event_hash": {"executed_lines": [70, 73], "summary": {"covered_lines": 2, "num_statements": 2, "percent_covered": 100.0, "percent_covered_display": "100", "missing_lines": 0, "excluded_lines": 0, "num_branches": 0, "num_partial_branches": 0, "covered_branches": 0, "missing_branches": 0}, "missing_lines": [], "excluded_lines": [], "executed_branches": [], "missing_branches": []}, "_sign_hash": {"executed_lines": [79, 80, 81], "summary": {"covered_lines": 3, "num_statements": 3, "percent_covered": 100.0, "percent_covered_display": "100", "missing_lines": 0, "excluded_lines": 0, "num_branches": 0, "num_partial_branches": 0, "covered_branches": 0, "missing_branches": 0}, "missing_lines": [], "excluded_lines": [], "executed_branches": [], "missing_branches": []}, "_latest_entry": {"executed_lines": [87, 93, 94], "summary": {"covered_lines": 3, "num_statements": 3, "percent_covered": 100.0, "percent_covered_display": "100", "missing_lines": 0, "excluded_lines": 0, "num_branches": 0, "num_partial_branches": 0, "covered_branches": 0, "missing_branches": 0}, "missing_lines": [], "excluded_lines": [], "executed_branches": [], "missing_branches": []}, "append_event": {"executed_lines": [109, 110, 111, 112, 114, 115, 125, 126, 127, 129, 130, 131], "summary": {"covered_lines": 12, "num_statements": 12, "percent_covered": 100.0, "percent_covered_display": "100", "missing_lines": 0, "excluded_lines": 0, "num_branches": 0, "num_partial_branches": 0, "covered_branches": 0, "missing_branches": 0}, "missing_lines": [], "excluded_lines": [], "executed_branches": [], "missing_branches": []}, "serialise_log": {"executed_lines": [], "summary": {"covered_lines": 0, "num_statements": 2, "percent_covered": 0.0, "percent_covered_display": "0", "missing_lines": 2, "excluded_lines": 0, "num_branches": 0, "num_partial_branches": 0, "covered_branches": 0, "missing_branches": 0}, "missing_lines": [137, 138], "excluded_lines": [], "executed_branches": [], "missing_branches": []}, "_diff_value": {"executed_lines": [], "summary": {"covered_lines": 0, "num_statements": 3, "percent_covered": 0.0, "percent_covered_display": "0", "missing_lines": 3, "excluded_lines": 0, "num_branches": 2, "num_partial_branches": 0, "covered_branches": 0, "missing_branches": 2}, "missing_lines": [156, 157, 158], "excluded_lines": [], "executed_branches": [], "missing_branches": [[156, 157], [156, 158]]}, "_diff_context": {"executed_lines": [], "summary": {"covered_lines": 0, "num_statements": 12, "percent_covered": 0.0, "percent_covered_display": "0", "missing_lines": 12, "excluded_lines": 0, "num_branches": 10, "num_partial_branches": 0, "covered_branches": 0, "missing_branches": 10}, "missing_lines": [166, 167, 168, 170, 171, 172, 173, 174, 175, 176, 177, 179], "excluded_lines": [], "executed_branches": [], "missing_branches": [[170, 171], [170, 175], [171, 172], [171, 173], [173, 170], [173, 174], [175, 176], [175, 179], [176, 175], [176, 177]]}, "diff_logs": {"executed_lines": [], "summary": {"covered_lines": 0, "num_statements": 4, "percent_covered": 0.0, "percent_covered_display": "0", "missing_lines": 4, "excluded_lines": 0, "num_branches": 0, "num_partial_branches": 0, "covered_branches": 0, "missing_branches": 0}, "missing_lines": [185, 186, 187, 197], "excluded_lines": [], "executed_branches": [], "missing_branches": []}, "verify_chain": {"executed_lines": [], "summary": {"covered_lines": 0, "num_statements": 16, "percent_covered": 0.0, "percent_covered_display": "0", "missing_lines": 16, "excluded_lines": 0, "num_branches": 8, "num_partial_branches": 0, "covered_branches": 0, "missing_branches": 8}, "missing_lines": [205, 210, 211, 213, 214, 215, 216, 217, 218, 219, 220, 221, 222, 223, 224, 226], "excluded_lines": [], "executed_branches": [], "missing_branches": [[214, 215], [214, 226], [218, 219], [218, 220], [220, 221], [220, 222], [222, 223], [222, 224]]}, "": {"executed_lines": [1, 3, 5, 6, 7, 8, 9, 10, 12, 14, 15, 16, 17, 20, 30, 41, 49, 67, 76, 84, 97, 134, 153, 161, 182, 200], "summary": {"covered_lines": 25, "num_statements": 25, "percent_covered": 100.0, "percent_covered_display": "100", "missing_lines": 0, "excluded_lines": 0, "num_branches": 0, "num_partial_branches": 0, "covered_branches": 0, "missing_branches": 0}, "missing_lines": [], "excluded_lines": [], "executed_branches": [], "missing_branches": []}}, "classes": {"": {"executed_lines": [1, 3, 5, 6, 7, 8, 9, 10, 12, 14, 15, 16, 17, 20, 23, 24, 25, 26, 27, 30, 33, 34, 35, 36, 37, 38, 41, 44, 45, 46, 49, 52, 53, 54, 64, 67, 70, 73, 76, 79, 80, 81, 84, 87, 93, 94, 97, 109, 110, 111, 112, 114, 115, 125, 126, 127, 129, 130, 131, 134, 153, 161, 182, 200], "summary": {"covered_lines": 61, "num_statements": 98, "percent_covered": 54.76190476190476, "percent_covered_display": "55", "missing_lines": 37, "excluded_lines": 2, "num_branches": 28, "num_partial_branches": 0, "covered_branches": 8, "missing_branches": 20}, "missing_lines": [137, 138, 156, 157, 158, 166, 167, 168, 170, 171, 172, 173, 174, 175, 176, 177, 179, 185, 186, 187, 197, 205, 210, 211, 213, 214, 215, 216, 217, 218, 219, 220, 221, 222, 223, 224, 226], "excluded_lines": [37, 38], "executed_branches": [[23, 24], [23, 25], [25, 26], [25, 27], [33, 34], [33, 35], [44, 45], [44, 46]], "missing_branches": [[156, 157], [156, 158], [170, 171], [170, 175], [171, 172], [171, 173], [173, 170], [173, 174], [175, 176], [175, 179], [176, 175], [176, 177], [214, 215], [214, 226], [218, 219], [218, 220], [220, 221], [220, 222], [222, 223], [222, 224]]}}}, "backend/app/core/auth/__init__.py": {"executed_lines": [1, 3, 14], "summary": {"covered_lines": 2, "num_statements": 2, "percent_covered": 100.0, "percent_covered_display": "100", "missing_lines": 0, "excluded_lines": 0, "num_branches": 0, "num_partial_branches": 0, "covered_branches": 0, "missing_branches": 0}, "missing_lines": [], "excluded_lines": [], "executed_branches": [], "missing_branches": [], "functions": {"": {"executed_lines": [1, 3, 14], "summary": {"covered_lines": 2, "num_statements": 2, "percent_covered": 100.0, "percent_covered_display": "100", "missing_lines": 0, "excluded_lines": 0, "num_branches": 0, "num_partial_branches": 0, "covered_branches": 0, "missing_branches": 0}, "missing_lines": [], "excluded_lines": [], "executed_branches": [], "missing_branches": []}}, "classes": {"": {"executed_lines": [1, 3, 14], "summary": {"covered_lines": 2, "num_statements": 2, "percent_covered": 100.0, "percent_covered_display": "100", "missing_lines": 0, "excluded_lines": 0, "num_branches": 0, "num_partial_branches": 0, "covered_branches": 0, "missing_branches": 0}, "missing_lines": [], "excluded_lines": [], "executed_branches": [], "missing_branches": []}}}, "backend/app/core/auth/policy.py": {"executed_lines": [1, 3, 5, 6, 7, 8, 11, 12, 13, 14, 17, 20, 21, 22, 23, 24, 25, 26, 28, 29, 32, 33, 34, 35, 37, 38, 39, 40, 41, 44, 47, 48, 49, 50, 51, 52, 55, 56, 57, 58, 59, 60, 61, 65, 66, 69, 70, 71, 72, 73, 74, 77, 78, 79, 80, 83], "summary": {"covered_lines": 55, "num_statements": 56, "percent_covered": 97.29729729729729, "percent_covered_display": "97", "missing_lines": 1, "excluded_lines": 0, "num_branches": 18, "num_partial_branches": 1, "covered_branches": 17, "missing_branches": 1}, "missing_lines": [62], "excluded_lines": [], "executed_branches": [[39, 40], [39, 41], [48, 49], [48, 50], [50, 51], [50, 52], [56, 57], [56, 58], [58, 59], [58, 60], [60, 61], [70, 71], [70, 72], [72, 73], [72, 74], [78, 79], [78, 80]], "missing_branches": [[60, 62]], "functions": {"SignoffSnapshot.is_approved": {"executed_lines": [29], "summary": {"covered_lines": 1, "num_statements": 1, "percent_covered": 100.0, "percent_covered_display": "100", "missing_lines": 0, "excluded_lines": 0, "num_branches": 0, "num_partial_branches": 0, "covered_branches": 0, "missing_branches": 0}, "missing_lines": [], "excluded_lines": [], "executed_branches": [], "missing_branches": []}, "PolicyContext.has_approved_signoff": {"executed_lines": [39, 40, 41], "summary": {"covered_lines": 3, "num_statements": 3, "percent_covered": 100.0, "percent_covered_display": "100", "missing_lines": 0, "excluded_lines": 0, "num_branches": 2, "num_partial_branches": 0, "covered_branches": 2, "missing_branches": 0}, "missing_lines": [], "excluded_lines": [], "executed_branches": [[39, 40], [39, 41]], "missing_branches": []}, "requires_signoff": {"executed_lines": [48, 49, 50, 51, 52], "summary": {"covered_lines": 5, "num_statements": 5, "percent_covered": 100.0, "percent_covered_display": "100", "missing_lines": 0, "excluded_lines": 0, "num_branches": 4, "num_partial_branches": 0, "covered_branches": 4, "missing_branches": 0}, "missing_lines": [], "excluded_lines": [], "executed_branches": [[48, 49], [48, 50], [50, 51], [50, 52]], "missing_branches": []}, "can_export_permit_ready": {"executed_lines": [56, 57, 58, 59, 60, 61], "summary": {"covered_lines": 6, "num_statements": 7, "percent_covered": 84.61538461538461, "percent_covered_display": "85", "missing_lines": 1, "excluded_lines": 0, "num_branches": 6, "num_partial_branches": 1, "covered_branches": 5, "missing_branches": 1}, "missing_lines": [62], "excluded_lines": [], "executed_branches": [[56, 57], [56, 58], [58, 59], [58, 60], [60, 61]], "missing_branches": [[60, 62]]}, "can_invite_architect": {"executed_lines": [66], "summary": {"covered_lines": 1, "num_statements": 1, "percent_covered": 100.0, "percent_covered_display": "100", "missing_lines": 0, "excluded_lines": 0, "num_branches": 0, "num_partial_branches": 0, "covered_branches": 0, "missing_branches": 0}, "missing_lines": [], "excluded_lines": [], "executed_branches": [], "missing_branches": []}, "watermark_forced": {"executed_lines": [70, 71, 72, 73, 74], "summary": {"covered_lines": 5, "num_statements": 5, "percent_covered": 100.0, "percent_covered_display": "100", "missing_lines": 0, "excluded_lines": 0, "num_branches": 4, "num_partial_branches": 0, "covered_branches": 4, "missing_branches": 0}, "missing_lines": [], "excluded_lines": [], "executed_branches": [[70, 71], [70, 72], [72, 73], [72, 74]], "missing_branches": []}, "watermark_text": {"executed_lines": [78, 79, 80], "summary": {"covered_lines": 3, "num_statements": 3, "percent_covered": 100.0, "percent_covered_display": "100", "missing_lines": 0, "excluded_lines": 0, "num_branches": 2, "num_partial_branches": 0, "covered_branches": 2, "missing_branches": 0}, "missing_lines": [], "excluded_lines": [], "executed_branches": [[78, 79], [78, 80]], "missing_branches": []}, "": {"executed_lines": [1, 3, 5, 6, 7, 8, 11, 12, 13, 14, 17, 20, 21, 22, 23, 24, 25, 26, 28, 32, 33, 34, 35, 37, 38, 44, 47, 55, 65, 69, 77, 83], "summary": {"covered_lines": 31, "num_statements": 31, "percent_covered": 100.0, "percent_covered_display": "100", "missing_lines": 0, "excluded_lines": 0, "num_branches": 0, "num_partial_branches": 0, "covered_branches": 0, "missing_branches": 0}, "missing_lines": [], "excluded_lines": [], "executed_branches": [], "missing_branches": []}}, "classes": {"WorkspaceRole": {"executed_lines": [], "summary": {"covered_lines": 0, "num_statements": 0, "percent_covered": 100.0, "percent_covered_display": "100", "missing_lines": 0, "excluded_lines": 0, "num_branches": 0, "num_partial_branches": 0, "covered_branches": 0, "missing_branches": 0}, "missing_lines": [], "excluded_lines": [], "executed_branches": [], "missing_branches": []}, "SignoffSnapshot": {"executed_lines": [29], "summary": {"covered_lines": 1, "num_statements": 1, "percent_covered": 100.0, "percent_covered_display": "100", "missing_lines": 0, "excluded_lines": 0, "num_branches": 0, "num_partial_branches": 0, "covered_branches": 0, "missing_branches": 0}, "missing_lines": [], "excluded_lines": [], "executed_branches": [], "missing_branches": []}, "PolicyContext": {"executed_lines": [39, 40, 41], "summary": {"covered_lines": 3, "num_statements": 3, "percent_covered": 100.0, "percent_covered_display": "100", "missing_lines": 0, "excluded_lines": 0, "num_branches": 2, "num_partial_branches": 0, "covered_branches": 2, "missing_branches": 0}, "missing_lines": [], "excluded_lines": [], "executed_branches": [[39, 40], [39, 41]], "missing_branches": []}, "": {"executed_lines": [1, 3, 5, 6, 7, 8, 11, 12, 13, 14, 17, 20, 21, 22, 23, 24, 25, 26, 28, 32, 33, 34, 35, 37, 38, 44, 47, 48, 49, 50, 51, 52, 55, 56, 57, 58, 59, 60, 61, 65, 66, 69, 70, 71, 72, 73, 74, 77, 78, 79, 80, 83], "summary": {"covered_lines": 51, "num_statements": 52, "percent_covered": 97.05882352941177, "percent_covered_display": "97", "missing_lines": 1, "excluded_lines": 0, "num_branches": 16, "num_partial_branches": 1, "covered_branches": 15, "missing_branches": 1}, "missing_lines": [62], "excluded_lines": [], "executed_branches": [[48, 49], [48, 50], [50, 51], [50, 52], [56, 57], [56, 58], [58, 59], [58, 60], [60, 61], [70, 71], [70, 72], [72, 73], [72, 74], [78, 79], [78, 80]], "missing_branches": [[60, 62]]}}}, "backend/app/core/config.py": {"executed_lines": [1, 3, 4, 5, 6, 7, 9, 14, 15, 16, 19, 22, 23, 24, 34, 37, 38, 39, 47, 50, 51, 52, 60, 63, 64, 65, 75, 78, 79, 80, 81, 82, 83, 84, 85, 88, 91, 92, 93, 117, 120, 121, 122, 131, 141, 142, 145, 148, 149, 151, 152, 153, 154, 155, 157, 158, 159, 160, 161, 162, 164, 165, 166, 167, 169, 171, 172, 173, 175, 176, 177, 178, 179, 181, 182, 184, 185, 187, 189, 191, 192, 193, 194, 195, 196, 198, 199, 200, 201, 202, 203, 204, 205, 210, 211, 213, 214, 215, 216, 217, 219, 223, 227, 228, 229, 230, 231, 233, 234, 237, 239, 241, 242, 245, 247, 248, 249, 250, 251, 253, 255, 258, 262, 263, 265, 268, 270, 272, 274, 277, 280, 282, 284, 285, 289, 290, 295, 296, 297, 299, 302], "summary": {"covered_lines": 139, "num_statements": 182, "percent_covered": 69.72477064220183, "percent_covered_display": "70", "missing_lines": 43, "excluded_lines": 0, "num_branches": 36, "num_partial_branches": 9, "covered_branches": 13, "missing_branches": 23}, "missing_lines": [26, 27, 28, 29, 30, 31, 40, 41, 42, 43, 44, 53, 54, 55, 56, 57, 66, 67, 68, 69, 70, 71, 72, 96, 97, 98, 99, 101, 102, 103, 104, 106, 108, 110, 111, 114, 124, 125, 126, 128, 143, 207, 298], "excluded_lines": [], "executed_branches": [[23, 24], [38, 39], [51, 52], [64, 65], [79, 80], [79, 81], [92, 93], [121, 122], [142, 145], [203, 204], [203, 210], [204, 205], [297, 299]], "missing_branches": [[23, 26], [27, 28], [27, 29], [29, 30], [29, 31], [38, 40], [51, 53], [64, 66], [70, 71], [70, 72], [92, 96], [101, 102], [101, 103], [103, 104], [103, 106], [110, 111], [110, 114], [121, 124], [125, 126], [125, 128], [142, 143], [204, 207], [297, 298]], "functions": {"_load_bool": {"executed_lines": [22, 23, 24], "summary": {"covered_lines": 3, "num_statements": 9, "percent_covered": 26.666666666666668, "percent_covered_display": "27", "missing_lines": 6, "excluded_lines": 0, "num_branches": 6, "num_partial_branches": 1, "covered_branches": 1, "missing_branches": 5}, "missing_lines": [26, 27, 28, 29, 30, 31], "excluded_lines": [], "executed_branches": [[23, 24]], "missing_branches": [[23, 26], [27, 28], [27, 29], [29, 30], [29, 31]]}, "_load_positive_float": {"executed_lines": [37, 38, 39], "summary": {"covered_lines": 3, "num_statements": 8, "percent_covered": 40.0, "percent_covered_display": "40", "missing_lines": 5, "excluded_lines": 0, "num_branches": 2, "num_partial_branches": 1, "covered_branches": 1, "missing_branches": 1}, "missing_lines": [40, 41, 42, 43, 44], "excluded_lines": [], "executed_branches": [[38, 39]], "missing_branches": [[38, 40]]}, "_load_non_negative_float": {"executed_lines": [50, 51, 52], "summary": {"covered_lines": 3, "num_statements": 8, "percent_covered": 40.0, "percent_covered_display": "40", "missing_lines": 5, "excluded_lines": 0, "num_branches": 2, "num_partial_branches": 1, "covered_branches": 1, "missing_branches": 1}, "missing_lines": [53, 54, 55, 56, 57], "excluded_lines": [], "executed_branches": [[51, 52]], "missing_branches": [[51, 53]]}, "_load_fractional_float": {"executed_lines": [63, 64, 65], "summary": {"covered_lines": 3, "num_statements": 10, "percent_covered": 28.571428571428573, "percent_covered_display": "29", "missing_lines": 7, "excluded_lines": 0, "num_branches": 4, "num_partial_branches": 1, "covered_branches": 1, "missing_branches": 3}, "missing_lines": [66, 67, 68, 69, 70, 71, 72], "excluded_lines": [], "executed_branches": [[64, 65]], "missing_branches": [[64, 66], [70, 71], [70, 72]]}, "_load_positive_int": {"executed_lines": [78, 79, 80, 81, 82, 83, 84, 85], "summary": {"covered_lines": 8, "num_statements": 8, "percent_covered": 100.0, "percent_covered_display": "100", "missing_lines": 0, "excluded_lines": 0, "num_branches": 2, "num_partial_branches": 0, "covered_branches": 2, "missing_branches": 0}, "missing_lines": [], "excluded_lines": [], "executed_branches": [[79, 80], [79, 81]], "missing_branches": []}, "_load_allowed_origins": {"executed_lines": [91, 92, 93], "summary": {"covered_lines": 3, "num_statements": 16, "percent_covered": 16.666666666666668, "percent_covered_display": "17", "missing_lines": 13, "excluded_lines": 0, "num_branches": 8, "num_partial_branches": 1, "covered_branches": 1, "missing_branches": 7}, "missing_lines": [96, 97, 98, 99, 101, 102, 103, 104, 106, 108, 110, 111, 114], "excluded_lines": [], "executed_branches": [[92, 93]], "missing_branches": [[92, 96], [101, 102], [101, 103], [103, 104], [103, 106], [110, 111], [110, 114]]}, "_load_allowed_hosts": {"executed_lines": [120, 121, 122], "summary": {"covered_lines": 3, "num_statements": 7, "percent_covered": 36.36363636363637, "percent_covered_display": "36", "missing_lines": 4, "excluded_lines": 0, "num_branches": 4, "num_partial_branches": 1, "covered_branches": 1, "missing_branches": 3}, "missing_lines": [124, 125, 126, 128], "excluded_lines": [], "executed_branches": [[121, 122]], "missing_branches": [[121, 124], [125, 126], [125, 128]]}, "_derive_redis_url": {"executed_lines": [141, 142, 145], "summary": {"covered_lines": 3, "num_statements": 4, "percent_covered": 66.66666666666667, "percent_covered_display": "67", "missing_lines": 1, "excluded_lines": 0, "num_branches": 2, "num_partial_branches": 1, "covered_branches": 1, "missing_branches": 1}, "missing_lines": [143], "excluded_lines": [], "executed_branches": [[142, 145]], "missing_branches": [[142, 143]]}, "Settings.__init__": {"executed_lines": [199, 200, 201, 202, 203, 204, 205, 210, 211, 213, 214, 215, 216, 217, 219, 223, 227, 228, 229, 230, 231, 233, 234, 237, 239, 241, 242, 245, 247, 248, 249, 250, 251, 253, 255, 258, 262, 263, 265, 268, 270, 272, 274, 277, 280, 282, 284, 285, 289, 290], "summary": {"covered_lines": 50, "num_statements": 51, "percent_covered": 96.36363636363636, "percent_covered_display": "96", "missing_lines": 1, "excluded_lines": 0, "num_branches": 4, "num_partial_branches": 1, "covered_branches": 3, "missing_branches": 1}, "missing_lines": [207], "excluded_lines": [], "executed_branches": [[203, 204], [203, 210], [204, 205]], "missing_branches": [[204, 207]]}, "Settings._load_listing_token_secret": {"executed_lines": [296, 297, 299], "summary": {"covered_lines": 3, "num_statements": 4, "percent_covered": 66.66666666666667, "percent_covered_display": "67", "missing_lines": 1, "excluded_lines": 0, "num_branches": 2, "num_partial_branches": 1, "covered_branches": 1, "missing_branches": 1}, "missing_lines": [298], "excluded_lines": [], "executed_branches": [[297, 299]], "missing_branches": [[297, 298]]}, "": {"executed_lines": [1, 3, 4, 5, 6, 7, 9, 14, 15, 16, 19, 34, 47, 60, 75, 88, 117, 131, 148, 149, 151, 152, 153, 154, 155, 157, 158, 159, 160, 161, 162, 164, 165, 166, 167, 169, 171, 172, 173, 175, 176, 177, 178, 179, 181, 182, 184, 185, 187, 189, 191, 192, 193, 194, 195, 196, 198, 295, 302], "summary": {"covered_lines": 57, "num_statements": 57, "percent_covered": 100.0, "percent_covered_display": "100", "missing_lines": 0, "excluded_lines": 0, "num_branches": 0, "num_partial_branches": 0, "covered_branches": 0, "missing_branches": 0}, "missing_lines": [], "excluded_lines": [], "executed_branches": [], "missing_branches": []}}, "classes": {"Settings": {"executed_lines": [199, 200, 201, 202, 203, 204, 205, 210, 211, 213, 214, 215, 216, 217, 219, 223, 227, 228, 229, 230, 231, 233, 234, 237, 239, 241, 242, 245, 247, 248, 249, 250, 251, 253, 255, 258, 262, 263, 265, 268, 270, 272, 274, 277, 280, 282, 284, 285, 289, 290, 296, 297, 299], "summary": {"covered_lines": 53, "num_statements": 55, "percent_covered": 93.44262295081967, "percent_covered_display": "93", "missing_lines": 2, "excluded_lines": 0, "num_branches": 6, "num_partial_branches": 2, "covered_branches": 4, "missing_branches": 2}, "missing_lines": [207, 298], "excluded_lines": [], "executed_branches": [[203, 204], [203, 210], [204, 205], [297, 299]], "missing_branches": [[204, 207], [297, 298]]}, "": {"executed_lines": [1, 3, 4, 5, 6, 7, 9, 14, 15, 16, 19, 22, 23, 24, 34, 37, 38, 39, 47, 50, 51, 52, 60, 63, 64, 65, 75, 78, 79, 80, 81, 82, 83, 84, 85, 88, 91, 92, 93, 117, 120, 121, 122, 131, 141, 142, 145, 148, 149, 151, 152, 153, 154, 155, 157, 158, 159, 160, 161, 162, 164, 165, 166, 167, 169, 171, 172, 173, 175, 176, 177, 178, 179, 181, 182, 184, 185, 187, 189, 191, 192, 193, 194, 195, 196, 198, 295, 302], "summary": {"covered_lines": 86, "num_statements": 127, "percent_covered": 60.50955414012739, "percent_covered_display": "61", "missing_lines": 41, "excluded_lines": 0, "num_branches": 30, "num_partial_branches": 7, "covered_branches": 9, "missing_branches": 21}, "missing_lines": [26, 27, 28, 29, 30, 31, 40, 41, 42, 43, 44, 53, 54, 55, 56, 57, 66, 67, 68, 69, 70, 71, 72, 96, 97, 98, 99, 101, 102, 103, 104, 106, 108, 110, 111, 114, 124, 125, 126, 128, 143], "excluded_lines": [], "executed_branches": [[23, 24], [38, 39], [51, 52], [64, 65], [79, 80], [79, 81], [92, 93], [121, 122], [142, 145]], "missing_branches": [[23, 26], [27, 28], [27, 29], [29, 30], [29, 31], [38, 40], [51, 53], [64, 66], [70, 71], [70, 72], [92, 96], [101, 102], [101, 103], [103, 104], [103, 106], [110, 111], [110, 114], [121, 124], [125, 126], [125, 128], [142, 143]]}}}, "backend/app/core/database.py": {"executed_lines": [1, 3, 5, 6, 7, 8, 9, 10, 12, 13, 14, 22, 30, 31, 32, 34, 37, 43, 44, 46, 76, 82], "summary": {"covered_lines": 21, "num_statements": 46, "percent_covered": 39.6551724137931, "percent_covered_display": "40", "missing_lines": 25, "excluded_lines": 0, "num_branches": 12, "num_partial_branches": 2, "covered_branches": 2, "missing_branches": 10}, "missing_lines": [23, 24, 25, 26, 27, 33, 48, 49, 52, 54, 55, 58, 59, 60, 61, 62, 63, 64, 65, 66, 67, 85, 86, 87, 89], "excluded_lines": [], "executed_branches": [[32, 34], [46, 76]], "missing_branches": [[24, 25], [24, 26], [32, 33], [46, 48], [59, 60], [59, 61], [62, -54], [62, 63], [65, 66], [65, 67]], "functions": {"_sqlite_fallback_url": {"executed_lines": [], "summary": {"covered_lines": 0, "num_statements": 5, "percent_covered": 0.0, "percent_covered_display": "0", "missing_lines": 5, "excluded_lines": 0, "num_branches": 2, "num_partial_branches": 0, "covered_branches": 0, "missing_branches": 2}, "missing_lines": [23, 24, 25, 26, 27], "excluded_lines": [], "executed_branches": [], "missing_branches": [[24, 25], [24, 26]]}, "_resolve_database_url": {"executed_lines": [31, 32, 34], "summary": {"covered_lines": 3, "num_statements": 4, "percent_covered": 66.66666666666667, "percent_covered_display": "67", "missing_lines": 1, "excluded_lines": 0, "num_branches": 2, "num_partial_branches": 1, "covered_branches": 1, "missing_branches": 1}, "missing_lines": [33], "excluded_lines": [], "executed_branches": [[32, 34]], "missing_branches": [[32, 33]]}, "_before_cursor_execute": {"executed_lines": [], "summary": {"covered_lines": 0, "num_statements": 1, "percent_covered": 0.0, "percent_covered_display": "0", "missing_lines": 1, "excluded_lines": 0, "num_branches": 0, "num_partial_branches": 0, "covered_branches": 0, "missing_branches": 0}, "missing_lines": [52], "excluded_lines": [], "executed_branches": [], "missing_branches": []}, "_after_cursor_execute": {"executed_lines": [], "summary": {"covered_lines": 0, "num_statements": 10, "percent_covered": 0.0, "percent_covered_display": "0", "missing_lines": 10, "excluded_lines": 0, "num_branches": 6, "num_partial_branches": 0, "covered_branches": 0, "missing_branches": 6}, "missing_lines": [58, 59, 60, 61, 62, 63, 64, 65, 66, 67], "excluded_lines": [], "executed_branches": [], "missing_branches": [[59, 60], [59, 61], [62, -54], [62, 63], [65, 66], [65, 67]]}, "get_session": {"executed_lines": [], "summary": {"covered_lines": 0, "num_statements": 4, "percent_covered": 0.0, "percent_covered_display": "0", "missing_lines": 4, "excluded_lines": 0, "num_branches": 0, "num_partial_branches": 0, "covered_branches": 0, "missing_branches": 0}, "missing_lines": [85, 86, 87, 89], "excluded_lines": [], "executed_branches": [], "missing_branches": []}, "": {"executed_lines": [1, 3, 5, 6, 7, 8, 9, 10, 12, 13, 14, 22, 30, 37, 43, 44, 46, 76, 82], "summary": {"covered_lines": 18, "num_statements": 22, "percent_covered": 79.16666666666667, "percent_covered_display": "79", "missing_lines": 4, "excluded_lines": 0, "num_branches": 2, "num_partial_branches": 1, "covered_branches": 1, "missing_branches": 1}, "missing_lines": [48, 49, 54, 55], "excluded_lines": [], "executed_branches": [[46, 76]], "missing_branches": [[46, 48]]}}, "classes": {"": {"executed_lines": [1, 3, 5, 6, 7, 8, 9, 10, 12, 13, 14, 22, 30, 31, 32, 34, 37, 43, 44, 46, 76, 82], "summary": {"covered_lines": 21, "num_statements": 46, "percent_covered": 39.6551724137931, "percent_covered_display": "40", "missing_lines": 25, "excluded_lines": 0, "num_branches": 12, "num_partial_branches": 2, "covered_branches": 2, "missing_branches": 10}, "missing_lines": [23, 24, 25, 26, 27, 33, 48, 49, 52, 54, 55, 58, 59, 60, 61, 62, 63, 64, 65, 66, 67, 85, 86, 87, 89], "excluded_lines": [], "executed_branches": [[32, 34], [46, 76]], "missing_branches": [[24, 25], [24, 26], [32, 33], [46, 48], [59, 60], [59, 61], [62, -54], [62, 63], [65, 66], [65, 67]]}}}, "backend/app/core/export/guard.py": {"executed_lines": [1, 3, 5, 7, 10, 11, 12, 13, 14, 17, 18, 19, 20, 23, 24, 25, 26, 27, 28, 29, 30, 33, 34, 44], "summary": {"covered_lines": 23, "num_statements": 24, "percent_covered": 93.75, "percent_covered_display": "94", "missing_lines": 1, "excluded_lines": 0, "num_branches": 8, "num_partial_branches": 1, "covered_branches": 7, "missing_branches": 1}, "missing_lines": [38], "excluded_lines": [], "executed_branches": [[24, 25], [24, 26], [26, 27], [26, 28], [29, 30], [29, 33], [33, 34]], "missing_branches": [[33, 38]], "functions": {"evaluate_export": {"executed_lines": [24, 25, 26, 27, 28, 29, 30, 33, 34], "summary": {"covered_lines": 9, "num_statements": 10, "percent_covered": 88.88888888888889, "percent_covered_display": "89", "missing_lines": 1, "excluded_lines": 0, "num_branches": 8, "num_partial_branches": 1, "covered_branches": 7, "missing_branches": 1}, "missing_lines": [38], "excluded_lines": [], "executed_branches": [[24, 25], [24, 26], [26, 27], [26, 28], [29, 30], [29, 33], [33, 34]], "missing_branches": [[33, 38]]}, "": {"executed_lines": [1, 3, 5, 7, 10, 11, 12, 13, 14, 17, 18, 19, 20, 23, 44], "summary": {"covered_lines": 14, "num_statements": 14, "percent_covered": 100.0, "percent_covered_display": "100", "missing_lines": 0, "excluded_lines": 0, "num_branches": 0, "num_partial_branches": 0, "covered_branches": 0, "missing_branches": 0}, "missing_lines": [], "excluded_lines": [], "executed_branches": [], "missing_branches": []}}, "classes": {"ExportRequest": {"executed_lines": [], "summary": {"covered_lines": 0, "num_statements": 0, "percent_covered": 100.0, "percent_covered_display": "100", "missing_lines": 0, "excluded_lines": 0, "num_branches": 0, "num_partial_branches": 0, "covered_branches": 0, "missing_branches": 0}, "missing_lines": [], "excluded_lines": [], "executed_branches": [], "missing_branches": []}, "ExportDecision": {"executed_lines": [], "summary": {"covered_lines": 0, "num_statements": 0, "percent_covered": 100.0, "percent_covered_display": "100", "missing_lines": 0, "excluded_lines": 0, "num_branches": 0, "num_partial_branches": 0, "covered_branches": 0, "missing_branches": 0}, "missing_lines": [], "excluded_lines": [], "executed_branches": [], "missing_branches": []}, "": {"executed_lines": [1, 3, 5, 7, 10, 11, 12, 13, 14, 17, 18, 19, 20, 23, 24, 25, 26, 27, 28, 29, 30, 33, 34, 44], "summary": {"covered_lines": 23, "num_statements": 24, "percent_covered": 93.75, "percent_covered_display": "94", "missing_lines": 1, "excluded_lines": 0, "num_branches": 8, "num_partial_branches": 1, "covered_branches": 7, "missing_branches": 1}, "missing_lines": [38], "excluded_lines": [], "executed_branches": [[24, 25], [24, 26], [26, 27], [26, 28], [29, 30], [29, 33], [33, 34]], "missing_branches": [[33, 38]]}}}, "backend/app/core/export/watermark.py": {"executed_lines": [1, 3, 5, 7, 10, 11, 12, 13, 16, 17, 18, 19, 20, 21, 22, 25], "summary": {"covered_lines": 15, "num_statements": 15, "percent_covered": 100.0, "percent_covered_display": "100", "missing_lines": 0, "excluded_lines": 0, "num_branches": 4, "num_partial_branches": 0, "covered_branches": 4, "missing_branches": 0}, "missing_lines": [], "excluded_lines": [], "executed_branches": [[18, 19], [18, 20], [20, 21], [20, 22]], "missing_branches": [], "functions": {"apply_watermark": {"executed_lines": [17, 18, 19, 20, 21, 22], "summary": {"covered_lines": 6, "num_statements": 6, "percent_covered": 100.0, "percent_covered_display": "100", "missing_lines": 0, "excluded_lines": 0, "num_branches": 4, "num_partial_branches": 0, "covered_branches": 4, "missing_branches": 0}, "missing_lines": [], "excluded_lines": [], "executed_branches": [[18, 19], [18, 20], [20, 21], [20, 22]], "missing_branches": []}, "": {"executed_lines": [1, 3, 5, 7, 10, 11, 12, 13, 16, 25], "summary": {"covered_lines": 9, "num_statements": 9, "percent_covered": 100.0, "percent_covered_display": "100", "missing_lines": 0, "excluded_lines": 0, "num_branches": 0, "num_partial_branches": 0, "covered_branches": 0, "missing_branches": 0}, "missing_lines": [], "excluded_lines": [], "executed_branches": [], "missing_branches": []}}, "classes": {"ExportPayload": {"executed_lines": [], "summary": {"covered_lines": 0, "num_statements": 0, "percent_covered": 100.0, "percent_covered_display": "100", "missing_lines": 0, "excluded_lines": 0, "num_branches": 0, "num_partial_branches": 0, "covered_branches": 0, "missing_branches": 0}, "missing_lines": [], "excluded_lines": [], "executed_branches": [], "missing_branches": []}, "": {"executed_lines": [1, 3, 5, 7, 10, 11, 12, 13, 16, 17, 18, 19, 20, 21, 22, 25], "summary": {"covered_lines": 15, "num_statements": 15, "percent_covered": 100.0, "percent_covered_display": "100", "missing_lines": 0, "excluded_lines": 0, "num_branches": 4, "num_partial_branches": 0, "covered_branches": 4, "missing_branches": 0}, "missing_lines": [], "excluded_lines": [], "executed_branches": [[18, 19], [18, 20], [20, 21], [20, 22]], "missing_branches": []}}}, "backend/app/core/geometry/__init__.py": {"executed_lines": [1, 3, 4, 5, 7], "summary": {"covered_lines": 4, "num_statements": 4, "percent_covered": 100.0, "percent_covered_display": "100", "missing_lines": 0, "excluded_lines": 0, "num_branches": 0, "num_partial_branches": 0, "covered_branches": 0, "missing_branches": 0}, "missing_lines": [], "excluded_lines": [], "executed_branches": [], "missing_branches": [], "functions": {"": {"executed_lines": [1, 3, 4, 5, 7], "summary": {"covered_lines": 4, "num_statements": 4, "percent_covered": 100.0, "percent_covered_display": "100", "missing_lines": 0, "excluded_lines": 0, "num_branches": 0, "num_partial_branches": 0, "covered_branches": 0, "missing_branches": 0}, "missing_lines": [], "excluded_lines": [], "executed_branches": [], "missing_branches": []}}, "classes": {"": {"executed_lines": [1, 3, 4, 5, 7], "summary": {"covered_lines": 4, "num_statements": 4, "percent_covered": 100.0, "percent_covered_display": "100", "missing_lines": 0, "excluded_lines": 0, "num_branches": 0, "num_partial_branches": 0, "covered_branches": 0, "missing_branches": 0}, "missing_lines": [], "excluded_lines": [], "executed_branches": [], "missing_branches": []}}}, "backend/app/core/geometry/builder.py": {"executed_lines": [1, 3, 5, 6, 7, 9, 21, 22, 23, 24, 25, 27, 36, 37, 38, 39, 40, 44, 45, 46, 47, 49, 50, 54, 55, 56, 58, 60, 61, 62, 64, 65, 66, 68, 69, 77, 78, 80, 81, 82, 84, 85, 87, 88, 89, 92, 93, 94, 97, 98, 102, 111, 112, 114, 115, 116, 118, 119, 120, 121, 122, 123, 127, 130, 141, 142, 144, 145, 146, 148, 149, 150, 151, 155, 156, 157, 158, 162, 173, 174, 176, 177, 178, 180, 181, 182, 183, 187, 188, 197, 198, 200, 201, 202, 204, 207, 210, 212, 214, 220, 221, 223, 224, 225, 226, 227, 228, 229, 230, 231, 232, 233, 234, 235, 236, 237, 239, 241, 242, 243, 247, 249, 250, 254, 255, 260, 261, 265, 271, 272, 276, 281, 282, 287, 288, 292], "summary": {"covered_lines": 134, "num_statements": 169, "percent_covered": 73.0909090909091, "percent_covered_display": "73", "missing_lines": 35, "excluded_lines": 0, "num_branches": 106, "num_partial_branches": 33, "covered_branches": 67, "missing_branches": 39}, "missing_lines": [26, 28, 29, 30, 31, 32, 33, 41, 48, 51, 67, 83, 86, 99, 117, 124, 147, 152, 159, 179, 184, 203, 211, 213, 244, 251, 256, 262, 266, 267, 273, 277, 283, 289, 293], "excluded_lines": [], "executed_branches": [[22, 23], [25, 27], [37, 38], [37, 39], [39, 40], [45, 46], [45, 47], [47, 49], [49, 50], [66, 68], [82, 84], [85, 87], [88, 89], [88, 92], [97, 98], [97, 102], [98, 97], [116, 118], [121, 122], [123, 127], [146, 148], [149, 150], [151, 155], [156, 157], [158, 162], [178, 180], [181, 182], [183, 187], [202, 204], [210, 212], [212, 214], [224, 225], [224, 226], [226, 227], [226, 228], [228, 229], [228, 230], [230, 231], [230, 232], [232, 233], [232, 234], [234, 235], [234, 236], [242, 243], [242, 249], [243, 247], [249, 250], [249, 260], [250, 254], [254, 249], [254, 255], [255, 254], [260, 261], [260, 271], [261, 265], [265, 260], [271, 272], [271, 281], [272, 276], [276, 271], [281, 282], [281, 287], [282, 281], [287, -239], [287, 288], [288, 292], [292, 287]], "missing_branches": [[22, 28], [25, 26], [28, 29], [28, 33], [30, 31], [30, 32], [39, 41], [47, 48], [49, 51], [66, 67], [82, 83], [85, 86], [98, 99], [116, 117], [121, 127], [123, 124], [146, 147], [149, 155], [151, 152], [156, 162], [158, 159], [178, 179], [181, 187], [183, 184], [202, 203], [210, 211], [212, 213], [243, 244], [250, 251], [255, 256], [261, 262], [265, 266], [266, 265], [266, 267], [272, 273], [276, 277], [282, 283], [288, 289], [292, 293]], "functions": {"_as_point": {"executed_lines": [22, 23, 24, 25, 27], "summary": {"covered_lines": 5, "num_statements": 12, "percent_covered": 35.0, "percent_covered_display": "35", "missing_lines": 7, "excluded_lines": 0, "num_branches": 8, "num_partial_branches": 2, "covered_branches": 2, "missing_branches": 6}, "missing_lines": [26, 28, 29, 30, 31, 32, 33], "excluded_lines": [], "executed_branches": [[22, 23], [25, 27]], "missing_branches": [[22, 28], [25, 26], [28, 29], [28, 33], [30, 31], [30, 32]]}, "_as_metadata": {"executed_lines": [37, 38, 39, 40], "summary": {"covered_lines": 4, "num_statements": 5, "percent_covered": 77.77777777777777, "percent_covered_display": "78", "missing_lines": 1, "excluded_lines": 0, "num_branches": 4, "num_partial_branches": 1, "covered_branches": 3, "missing_branches": 1}, "missing_lines": [41], "excluded_lines": [], "executed_branches": [[37, 38], [37, 39], [39, 40]], "missing_branches": [[39, 41]]}, "_ensure_source": {"executed_lines": [45, 46, 47, 49, 50], "summary": {"covered_lines": 5, "num_statements": 7, "percent_covered": 69.23076923076923, "percent_covered_display": "69", "missing_lines": 2, "excluded_lines": 0, "num_branches": 6, "num_partial_branches": 2, "covered_branches": 4, "missing_branches": 2}, "missing_lines": [48, 51], "excluded_lines": [], "executed_branches": [[45, 46], [45, 47], [47, 49], [49, 50]], "missing_branches": [[47, 48], [49, 51]]}, "GraphBuilder.new": {"executed_lines": [62], "summary": {"covered_lines": 1, "num_statements": 1, "percent_covered": 100.0, "percent_covered_display": "100", "missing_lines": 0, "excluded_lines": 0, "num_branches": 0, "num_partial_branches": 0, "covered_branches": 0, "missing_branches": 0}, "missing_lines": [], "excluded_lines": [], "executed_branches": [], "missing_branches": []}, "GraphBuilder.add_level": {"executed_lines": [65, 66, 68, 69, 77, 78], "summary": {"covered_lines": 6, "num_statements": 7, "percent_covered": 77.77777777777777, "percent_covered_display": "78", "missing_lines": 1, "excluded_lines": 0, "num_branches": 2, "num_partial_branches": 1, "covered_branches": 1, "missing_branches": 1}, "missing_lines": [67], "excluded_lines": [], "executed_branches": [[66, 68]], "missing_branches": [[66, 67]]}, "GraphBuilder.add_space": {"executed_lines": [81, 82, 84, 85, 87, 88, 89, 92, 93, 94, 97, 98, 102, 111, 112], "summary": {"covered_lines": 15, "num_statements": 18, "percent_covered": 78.57142857142857, "percent_covered_display": "79", "missing_lines": 3, "excluded_lines": 0, "num_branches": 10, "num_partial_branches": 3, "covered_branches": 7, "missing_branches": 3}, "missing_lines": [83, 86, 99], "excluded_lines": [], "executed_branches": [[82, 84], [85, 87], [88, 89], [88, 92], [97, 98], [97, 102], [98, 97]], "missing_branches": [[82, 83], [85, 86], [98, 99]]}, "GraphBuilder.add_wall": {"executed_lines": [115, 116, 118, 119, 120, 121, 122, 123, 127, 130, 141, 142], "summary": {"covered_lines": 12, "num_statements": 14, "percent_covered": 75.0, "percent_covered_display": "75", "missing_lines": 2, "excluded_lines": 0, "num_branches": 6, "num_partial_branches": 3, "covered_branches": 3, "missing_branches": 3}, "missing_lines": [117, 124], "excluded_lines": [], "executed_branches": [[116, 118], [121, 122], [123, 127]], "missing_branches": [[116, 117], [121, 127], [123, 124]]}, "GraphBuilder.add_door": {"executed_lines": [145, 146, 148, 149, 150, 151, 155, 156, 157, 158, 162, 173, 174], "summary": {"covered_lines": 13, "num_statements": 16, "percent_covered": 69.23076923076923, "percent_covered_display": "69", "missing_lines": 3, "excluded_lines": 0, "num_branches": 10, "num_partial_branches": 5, "covered_branches": 5, "missing_branches": 5}, "missing_lines": [147, 152, 159], "excluded_lines": [], "executed_branches": [[146, 148], [149, 150], [151, 155], [156, 157], [158, 162]], "missing_branches": [[146, 147], [149, 155], [151, 152], [156, 162], [158, 159]]}, "GraphBuilder.add_fixture": {"executed_lines": [177, 178, 180, 181, 182, 183, 187, 188, 197, 198], "summary": {"covered_lines": 10, "num_statements": 12, "percent_covered": 72.22222222222223, "percent_covered_display": "72", "missing_lines": 2, "excluded_lines": 0, "num_branches": 6, "num_partial_branches": 3, "covered_branches": 3, "missing_branches": 3}, "missing_lines": [179, 184], "excluded_lines": [], "executed_branches": [[178, 180], [181, 182], [183, 187]], "missing_branches": [[178, 179], [181, 187], [183, 184]]}, "GraphBuilder.add_relationship": {"executed_lines": [201, 202, 204, 207, 210, 212, 214, 220, 221], "summary": {"covered_lines": 9, "num_statements": 12, "percent_covered": 66.66666666666667, "percent_covered_display": "67", "missing_lines": 3, "excluded_lines": 0, "num_branches": 6, "num_partial_branches": 3, "covered_branches": 3, "missing_branches": 3}, "missing_lines": [203, 211, 213], "excluded_lines": [], "executed_branches": [[202, 204], [210, 212], [212, 214]], "missing_branches": [[202, 203], [210, 211], [212, 213]]}, "GraphBuilder.build_from_payload": {"executed_lines": [224, 225, 226, 227, 228, 229, 230, 231, 232, 233, 234, 235, 236, 237], "summary": {"covered_lines": 14, "num_statements": 14, "percent_covered": 100.0, "percent_covered_display": "100", "missing_lines": 0, "excluded_lines": 0, "num_branches": 12, "num_partial_branches": 0, "covered_branches": 12, "missing_branches": 0}, "missing_lines": [], "excluded_lines": [], "executed_branches": [[224, 225], [224, 226], [226, 227], [226, 228], [228, 229], [228, 230], [230, 231], [230, 232], [232, 233], [232, 234], [234, 235], [234, 236]], "missing_branches": []}, "GraphBuilder.validate_integrity": {"executed_lines": [241, 242, 243, 247, 249, 250, 254, 255, 260, 261, 265, 271, 272, 276, 281, 282, 287, 288, 292], "summary": {"covered_lines": 19, "num_statements": 30, "percent_covered": 65.15151515151516, "percent_covered_display": "65", "missing_lines": 11, "excluded_lines": 0, "num_branches": 36, "num_partial_branches": 10, "covered_branches": 24, "missing_branches": 12}, "missing_lines": [244, 251, 256, 262, 266, 267, 273, 277, 283, 289, 293], "excluded_lines": [], "executed_branches": [[242, 243], [242, 249], [243, 247], [249, 250], [249, 260], [250, 254], [254, 249], [254, 255], [255, 254], [260, 261], [260, 271], [261, 265], [265, 260], [271, 272], [271, 281], [272, 276], [276, 271], [281, 282], [281, 287], [282, 281], [287, -239], [287, 288], [288, 292], [292, 287]], "missing_branches": [[243, 244], [250, 251], [255, 256], [261, 262], [265, 266], [266, 265], [266, 267], [272, 273], [276, 277], [282, 283], [288, 289], [292, 293]]}, "": {"executed_lines": [1, 3, 5, 6, 7, 9, 21, 36, 44, 54, 55, 56, 58, 60, 61, 64, 80, 114, 144, 176, 200, 223, 239], "summary": {"covered_lines": 21, "num_statements": 21, "percent_covered": 100.0, "percent_covered_display": "100", "missing_lines": 0, "excluded_lines": 0, "num_branches": 0, "num_partial_branches": 0, "covered_branches": 0, "missing_branches": 0}, "missing_lines": [], "excluded_lines": [], "executed_branches": [], "missing_branches": []}}, "classes": {"GraphBuilder": {"executed_lines": [62, 65, 66, 68, 69, 77, 78, 81, 82, 84, 85, 87, 88, 89, 92, 93, 94, 97, 98, 102, 111, 112, 115, 116, 118, 119, 120, 121, 122, 123, 127, 130, 141, 142, 145, 146, 148, 149, 150, 151, 155, 156, 157, 158, 162, 173, 174, 177, 178, 180, 181, 182, 183, 187, 188, 197, 198, 201, 202, 204, 207, 210, 212, 214, 220, 221, 224, 225, 226, 227, 228, 229, 230, 231, 232, 233, 234, 235, 236, 237, 241, 242, 243, 247, 249, 250, 254, 255, 260, 261, 265, 271, 272, 276, 281, 282, 287, 288, 292], "summary": {"covered_lines": 99, "num_statements": 124, "percent_covered": 74.05660377358491, "percent_covered_display": "74", "missing_lines": 25, "excluded_lines": 0, "num_branches": 88, "num_partial_branches": 28, "covered_branches": 58, "missing_branches": 30}, "missing_lines": [67, 83, 86, 99, 117, 124, 147, 152, 159, 179, 184, 203, 211, 213, 244, 251, 256, 262, 266, 267, 273, 277, 283, 289, 293], "excluded_lines": [], "executed_branches": [[66, 68], [82, 84], [85, 87], [88, 89], [88, 92], [97, 98], [97, 102], [98, 97], [116, 118], [121, 122], [123, 127], [146, 148], [149, 150], [151, 155], [156, 157], [158, 162], [178, 180], [181, 182], [183, 187], [202, 204], [210, 212], [212, 214], [224, 225], [224, 226], [226, 227], [226, 228], [228, 229], [228, 230], [230, 231], [230, 232], [232, 233], [232, 234], [234, 235], [234, 236], [242, 243], [242, 249], [243, 247], [249, 250], [249, 260], [250, 254], [254, 249], [254, 255], [255, 254], [260, 261], [260, 271], [261, 265], [265, 260], [271, 272], [271, 281], [272, 276], [276, 271], [281, 282], [281, 287], [282, 281], [287, -239], [287, 288], [288, 292], [292, 287]], "missing_branches": [[66, 67], [82, 83], [85, 86], [98, 99], [116, 117], [121, 127], [123, 124], [146, 147], [149, 155], [151, 152], [156, 162], [158, 159], [178, 179], [181, 187], [183, 184], [202, 203], [210, 211], [212, 213], [243, 244], [250, 251], [255, 256], [261, 262], [265, 266], [266, 265], [266, 267], [272, 273], [276, 277], [282, 283], [288, 289], [292, 293]]}, "": {"executed_lines": [1, 3, 5, 6, 7, 9, 21, 22, 23, 24, 25, 27, 36, 37, 38, 39, 40, 44, 45, 46, 47, 49, 50, 54, 55, 56, 58, 60, 61, 64, 80, 114, 144, 176, 200, 223, 239], "summary": {"covered_lines": 35, "num_statements": 45, "percent_covered": 69.84126984126983, "percent_covered_display": "70", "missing_lines": 10, "excluded_lines": 0, "num_branches": 18, "num_partial_branches": 5, "covered_branches": 9, "missing_branches": 9}, "missing_lines": [26, 28, 29, 30, 31, 32, 33, 41, 48, 51], "excluded_lines": [], "executed_branches": [[22, 23], [25, 27], [37, 38], [37, 39], [39, 40], [45, 46], [45, 47], [47, 49], [49, 50]], "missing_branches": [[22, 28], [25, 26], [28, 29], [28, 33], [30, 31], [30, 32], [39, 41], [47, 48], [49, 51]]}}}, "backend/app/core/geometry/serializer.py": {"executed_lines": [1, 3, 5, 6, 8, 9, 12, 13, 16, 17, 19, 20, 22, 23, 24, 25, 27, 28, 30, 31, 32, 33, 35, 36, 38, 40, 41, 43, 44, 45, 46, 47, 48, 49, 50, 51, 52, 53, 54, 55, 56, 57, 58, 59, 60, 61, 62, 63, 66], "summary": {"covered_lines": 47, "num_statements": 47, "percent_covered": 100.0, "percent_covered_display": "100", "missing_lines": 0, "excluded_lines": 0, "num_branches": 6, "num_partial_branches": 0, "covered_branches": 6, "missing_branches": 0}, "missing_lines": [], "excluded_lines": [], "executed_branches": [[46, 47], [46, 50], [51, 52], [51, 56], [57, 58], [57, 61]], "missing_branches": [], "functions": {"_point_to_mapping": {"executed_lines": [13], "summary": {"covered_lines": 1, "num_statements": 1, "percent_covered": 100.0, "percent_covered_display": "100", "missing_lines": 0, "excluded_lines": 0, "num_branches": 0, "num_partial_branches": 0, "covered_branches": 0, "missing_branches": 0}, "missing_lines": [], "excluded_lines": [], "executed_branches": [], "missing_branches": []}, "GeometrySerializer.from_cad": {"executed_lines": [22, 23, 24, 25], "summary": {"covered_lines": 4, "num_statements": 4, "percent_covered": 100.0, "percent_covered_display": "100", "missing_lines": 0, "excluded_lines": 0, "num_branches": 0, "num_partial_branches": 0, "covered_branches": 0, "missing_branches": 0}, "missing_lines": [], "excluded_lines": [], "executed_branches": [], "missing_branches": []}, "GeometrySerializer.from_export": {"executed_lines": [30, 31, 32, 33], "summary": {"covered_lines": 4, "num_statements": 4, "percent_covered": 100.0, "percent_covered_display": "100", "missing_lines": 0, "excluded_lines": 0, "num_branches": 0, "num_partial_branches": 0, "covered_branches": 0, "missing_branches": 0}, "missing_lines": [], "excluded_lines": [], "executed_branches": [], "missing_branches": []}, "GeometrySerializer.to_export": {"executed_lines": [38], "summary": {"covered_lines": 1, "num_statements": 1, "percent_covered": 100.0, "percent_covered_display": "100", "missing_lines": 0, "excluded_lines": 0, "num_branches": 0, "num_partial_branches": 0, "covered_branches": 0, "missing_branches": 0}, "missing_lines": [], "excluded_lines": [], "executed_branches": [], "missing_branches": []}, "GeometrySerializer.to_cad": {"executed_lines": [43, 44, 45, 46, 47, 48, 49, 50, 51, 52, 53, 54, 55, 56, 57, 58, 59, 60, 61, 62, 63], "summary": {"covered_lines": 21, "num_statements": 21, "percent_covered": 100.0, "percent_covered_display": "100", "missing_lines": 0, "excluded_lines": 0, "num_branches": 6, "num_partial_branches": 0, "covered_branches": 6, "missing_branches": 0}, "missing_lines": [], "excluded_lines": [], "executed_branches": [[46, 47], [46, 50], [51, 52], [51, 56], [57, 58], [57, 61]], "missing_branches": []}, "": {"executed_lines": [1, 3, 5, 6, 8, 9, 12, 16, 17, 19, 20, 27, 28, 35, 36, 40, 41, 66], "summary": {"covered_lines": 16, "num_statements": 16, "percent_covered": 100.0, "percent_covered_display": "100", "missing_lines": 0, "excluded_lines": 0, "num_branches": 0, "num_partial_branches": 0, "covered_branches": 0, "missing_branches": 0}, "missing_lines": [], "excluded_lines": [], "executed_branches": [], "missing_branches": []}}, "classes": {"GeometrySerializer": {"executed_lines": [22, 23, 24, 25, 30, 31, 32, 33, 38, 43, 44, 45, 46, 47, 48, 49, 50, 51, 52, 53, 54, 55, 56, 57, 58, 59, 60, 61, 62, 63], "summary": {"covered_lines": 30, "num_statements": 30, "percent_covered": 100.0, "percent_covered_display": "100", "missing_lines": 0, "excluded_lines": 0, "num_branches": 6, "num_partial_branches": 0, "covered_branches": 6, "missing_branches": 0}, "missing_lines": [], "excluded_lines": [], "executed_branches": [[46, 47], [46, 50], [51, 52], [51, 56], [57, 58], [57, 61]], "missing_branches": []}, "": {"executed_lines": [1, 3, 5, 6, 8, 9, 12, 13, 16, 17, 19, 20, 27, 28, 35, 36, 40, 41, 66], "summary": {"covered_lines": 17, "num_statements": 17, "percent_covered": 100.0, "percent_covered_display": "100", "missing_lines": 0, "excluded_lines": 0, "num_branches": 0, "num_partial_branches": 0, "covered_branches": 0, "missing_branches": 0}, "missing_lines": [], "excluded_lines": [], "executed_branches": [], "missing_branches": []}}}, "backend/app/core/geometry/utils.py": {"executed_lines": [1, 3, 5, 6, 8, 11, 14, 15, 16, 17, 18, 19, 20, 21, 24, 34, 35, 37, 38, 39, 40, 41, 42, 44, 45, 46, 47, 49, 51, 52, 53, 54, 55, 56, 57, 58, 60, 61, 62, 63, 64, 65, 66, 68, 69, 71, 72, 74, 75, 76, 77, 79, 80, 82, 83, 85, 96], "summary": {"covered_lines": 56, "num_statements": 57, "percent_covered": 97.40259740259741, "percent_covered_display": "97", "missing_lines": 1, "excluded_lines": 0, "num_branches": 20, "num_partial_branches": 1, "covered_branches": 19, "missing_branches": 1}, "missing_lines": [59], "excluded_lines": [], "executed_branches": [[14, 15], [14, 16], [16, 17], [16, 18], [34, 35], [34, 37], [41, 42], [41, 44], [49, 51], [49, 68], [52, 53], [52, 54], [55, 56], [55, 57], [58, 60], [60, 49], [60, 61], [68, 69], [68, 71]], "missing_branches": [[58, 59]], "functions": {"_coerce_float": {"executed_lines": [14, 15, 16, 17, 18, 19, 20, 21], "summary": {"covered_lines": 8, "num_statements": 8, "percent_covered": 100.0, "percent_covered_display": "100", "missing_lines": 0, "excluded_lines": 0, "num_branches": 4, "num_partial_branches": 0, "covered_branches": 4, "missing_branches": 0}, "missing_lines": [], "excluded_lines": [], "executed_branches": [[14, 15], [14, 16], [16, 17], [16, 18]], "missing_branches": []}, "derive_setback_overrides": {"executed_lines": [34, 35, 37, 38, 39, 40, 41, 42, 44, 45, 46, 47, 49, 51, 52, 53, 54, 55, 56, 57, 58, 60, 61, 62, 63, 64, 65, 66, 68, 69, 71, 74, 75, 76, 77, 79, 80, 82, 85], "summary": {"covered_lines": 39, "num_statements": 40, "percent_covered": 96.42857142857143, "percent_covered_display": "96", "missing_lines": 1, "excluded_lines": 0, "num_branches": 16, "num_partial_branches": 1, "covered_branches": 15, "missing_branches": 1}, "missing_lines": [59], "excluded_lines": [], "executed_branches": [[34, 35], [34, 37], [41, 42], [41, 44], [49, 51], [49, 68], [52, 53], [52, 54], [55, 56], [55, 57], [58, 60], [60, 49], [60, 61], [68, 69], [68, 71]], "missing_branches": [[58, 59]]}, "derive_setback_overrides._gap": {"executed_lines": [72], "summary": {"covered_lines": 1, "num_statements": 1, "percent_covered": 100.0, "percent_covered_display": "100", "missing_lines": 0, "excluded_lines": 0, "num_branches": 0, "num_partial_branches": 0, "covered_branches": 0, "missing_branches": 0}, "missing_lines": [], "excluded_lines": [], "executed_branches": [], "missing_branches": []}, "derive_setback_overrides._rounded": {"executed_lines": [83], "summary": {"covered_lines": 1, "num_statements": 1, "percent_covered": 100.0, "percent_covered_display": "100", "missing_lines": 0, "excluded_lines": 0, "num_branches": 0, "num_partial_branches": 0, "covered_branches": 0, "missing_branches": 0}, "missing_lines": [], "excluded_lines": [], "executed_branches": [], "missing_branches": []}, "": {"executed_lines": [1, 3, 5, 6, 8, 11, 24, 96], "summary": {"covered_lines": 7, "num_statements": 7, "percent_covered": 100.0, "percent_covered_display": "100", "missing_lines": 0, "excluded_lines": 0, "num_branches": 0, "num_partial_branches": 0, "covered_branches": 0, "missing_branches": 0}, "missing_lines": [], "excluded_lines": [], "executed_branches": [], "missing_branches": []}}, "classes": {"": {"executed_lines": [1, 3, 5, 6, 8, 11, 14, 15, 16, 17, 18, 19, 20, 21, 24, 34, 35, 37, 38, 39, 40, 41, 42, 44, 45, 46, 47, 49, 51, 52, 53, 54, 55, 56, 57, 58, 60, 61, 62, 63, 64, 65, 66, 68, 69, 71, 72, 74, 75, 76, 77, 79, 80, 82, 83, 85, 96], "summary": {"covered_lines": 56, "num_statements": 57, "percent_covered": 97.40259740259741, "percent_covered_display": "97", "missing_lines": 1, "excluded_lines": 0, "num_branches": 20, "num_partial_branches": 1, "covered_branches": 19, "missing_branches": 1}, "missing_lines": [59], "excluded_lines": [], "executed_branches": [[14, 15], [14, 16], [16, 17], [16, 18], [34, 35], [34, 37], [41, 42], [41, 44], [49, 51], [49, 68], [52, 53], [52, 54], [55, 56], [55, 57], [58, 60], [60, 49], [60, 61], [68, 69], [68, 71]], "missing_branches": [[58, 59]]}}}, "backend/app/core/metrics/__init__.py": {"executed_lines": [1, 3, 5, 7, 9, 18, 19, 21, 26, 34, 35, 36, 38, 39, 40, 41, 42, 45], "summary": {"covered_lines": 16, "num_statements": 16, "percent_covered": 100.0, "percent_covered_display": "100", "missing_lines": 0, "excluded_lines": 0, "num_branches": 2, "num_partial_branches": 0, "covered_branches": 2, "missing_branches": 0}, "missing_lines": [], "excluded_lines": [], "executed_branches": [[35, 36], [35, 38]], "missing_branches": [], "functions": {"MetricsCollector.record_gauge": {"executed_lines": [34, 35, 36, 38, 39, 40, 41, 42], "summary": {"covered_lines": 8, "num_statements": 8, "percent_covered": 100.0, "percent_covered_display": "100", "missing_lines": 0, "excluded_lines": 0, "num_branches": 2, "num_partial_branches": 0, "covered_branches": 2, "missing_branches": 0}, "missing_lines": [], "excluded_lines": [], "executed_branches": [[35, 36], [35, 38]], "missing_branches": []}, "": {"executed_lines": [1, 3, 5, 7, 9, 18, 19, 21, 26, 45], "summary": {"covered_lines": 8, "num_statements": 8, "percent_covered": 100.0, "percent_covered_display": "100", "missing_lines": 0, "excluded_lines": 0, "num_branches": 0, "num_partial_branches": 0, "covered_branches": 0, "missing_branches": 0}, "missing_lines": [], "excluded_lines": [], "executed_branches": [], "missing_branches": []}}, "classes": {"MetricsCollector": {"executed_lines": [34, 35, 36, 38, 39, 40, 41, 42], "summary": {"covered_lines": 8, "num_statements": 8, "percent_covered": 100.0, "percent_covered_display": "100", "missing_lines": 0, "excluded_lines": 0, "num_branches": 2, "num_partial_branches": 0, "covered_branches": 2, "missing_branches": 0}, "missing_lines": [], "excluded_lines": [], "executed_branches": [[35, 36], [35, 38]], "missing_branches": []}, "": {"executed_lines": [1, 3, 5, 7, 9, 18, 19, 21, 26, 45], "summary": {"covered_lines": 8, "num_statements": 8, "percent_covered": 100.0, "percent_covered_display": "100", "missing_lines": 0, "excluded_lines": 0, "num_branches": 0, "num_partial_branches": 0, "covered_branches": 0, "missing_branches": 0}, "missing_lines": [], "excluded_lines": [], "executed_branches": [], "missing_branches": []}}}, "backend/app/core/metrics/roi.py": {"executed_lines": [1, 3, 5, 6, 7, 9, 10, 12, 13, 14, 15, 16, 21, 22, 23, 24, 27, 28, 29, 31, 32, 33, 34, 35, 36, 37, 38, 39, 40, 41, 42, 44, 47, 63, 66, 67, 68, 69, 70, 73, 78, 79, 80, 81, 83, 84, 85, 86, 87, 88, 89, 90, 91, 92, 93, 94, 97, 98, 101, 104, 105, 106, 108, 109, 110, 111, 114, 115, 116, 117, 118, 119, 122, 125, 130, 131, 135, 136, 137, 139, 140, 144, 145, 147, 148, 150, 151, 153, 155, 156, 157, 159, 160, 161, 163, 179], "summary": {"covered_lines": 94, "num_statements": 95, "percent_covered": 94.95798319327731, "percent_covered_display": "95", "missing_lines": 1, "excluded_lines": 0, "num_branches": 24, "num_partial_branches": 5, "covered_branches": 19, "missing_branches": 5}, "missing_lines": [96], "excluded_lines": [], "executed_branches": [[66, 67], [66, 68], [68, 69], [68, 70], [83, 84], [83, 97], [86, 83], [86, 87], [88, 89], [92, 93], [108, 109], [108, 119], [109, 110], [109, 111], [111, 114], [111, 115], [115, 116], [117, 118], [156, 157]], "missing_branches": [[88, 90], [92, 96], [115, 117], [117, 108], [156, 159]], "functions": {"RoiSnapshot.as_dict": {"executed_lines": [47], "summary": {"covered_lines": 1, "num_statements": 1, "percent_covered": 100.0, "percent_covered_display": "100", "missing_lines": 0, "excluded_lines": 0, "num_branches": 0, "num_partial_branches": 0, "covered_branches": 0, "missing_branches": 0}, "missing_lines": [], "excluded_lines": [], "executed_branches": [], "missing_branches": []}, "_as_utc": {"executed_lines": [66, 67, 68, 69, 70], "summary": {"covered_lines": 5, "num_statements": 5, "percent_covered": 100.0, "percent_covered_display": "100", "missing_lines": 0, "excluded_lines": 0, "num_branches": 4, "num_partial_branches": 0, "covered_branches": 4, "missing_branches": 0}, "missing_lines": [], "excluded_lines": [], "executed_branches": [[66, 67], [66, 68], [68, 69], [68, 70]], "missing_branches": []}, "_decision_metrics": {"executed_lines": [78, 79, 80, 81, 83, 84, 85, 86, 87, 88, 89, 90, 91, 92, 93, 94, 97, 98], "summary": {"covered_lines": 18, "num_statements": 19, "percent_covered": 88.88888888888889, "percent_covered_display": "89", "missing_lines": 1, "excluded_lines": 0, "num_branches": 8, "num_partial_branches": 2, "covered_branches": 6, "missing_branches": 2}, "missing_lines": [96], "excluded_lines": [], "executed_branches": [[83, 84], [83, 97], [86, 83], [86, 87], [88, 89], [92, 93]], "missing_branches": [[88, 90], [92, 96]]}, "_aggregate_audit_metrics": {"executed_lines": [104, 105, 106, 108, 109, 110, 111, 114, 115, 116, 117, 118, 119], "summary": {"covered_lines": 13, "num_statements": 13, "percent_covered": 91.30434782608695, "percent_covered_display": "91", "missing_lines": 0, "excluded_lines": 0, "num_branches": 10, "num_partial_branches": 2, "covered_branches": 8, "missing_branches": 2}, "missing_lines": [], "excluded_lines": [], "executed_branches": [[108, 109], [108, 119], [109, 110], [109, 111], [111, 114], [111, 115], [115, 116], [117, 118]], "missing_branches": [[115, 117], [117, 108]]}, "compute_project_roi": {"executed_lines": [125, 130, 131, 135, 136, 137, 139, 140, 144, 145, 147, 148, 150, 151, 153, 155, 156, 157, 159, 160, 161, 163], "summary": {"covered_lines": 22, "num_statements": 22, "percent_covered": 95.83333333333333, "percent_covered_display": "96", "missing_lines": 0, "excluded_lines": 0, "num_branches": 2, "num_partial_branches": 1, "covered_branches": 1, "missing_branches": 1}, "missing_lines": [], "excluded_lines": [], "executed_branches": [[156, 157]], "missing_branches": [[156, 159]]}, "": {"executed_lines": [1, 3, 5, 6, 7, 9, 10, 12, 13, 14, 15, 16, 21, 22, 23, 24, 27, 28, 29, 31, 32, 33, 34, 35, 36, 37, 38, 39, 40, 41, 42, 44, 63, 73, 101, 122, 179], "summary": {"covered_lines": 35, "num_statements": 35, "percent_covered": 100.0, "percent_covered_display": "100", "missing_lines": 0, "excluded_lines": 0, "num_branches": 0, "num_partial_branches": 0, "covered_branches": 0, "missing_branches": 0}, "missing_lines": [], "excluded_lines": [], "executed_branches": [], "missing_branches": []}}, "classes": {"RoiSnapshot": {"executed_lines": [47], "summary": {"covered_lines": 1, "num_statements": 1, "percent_covered": 100.0, "percent_covered_display": "100", "missing_lines": 0, "excluded_lines": 0, "num_branches": 0, "num_partial_branches": 0, "covered_branches": 0, "missing_branches": 0}, "missing_lines": [], "excluded_lines": [], "executed_branches": [], "missing_branches": []}, "": {"executed_lines": [1, 3, 5, 6, 7, 9, 10, 12, 13, 14, 15, 16, 21, 22, 23, 24, 27, 28, 29, 31, 32, 33, 34, 35, 36, 37, 38, 39, 40, 41, 42, 44, 63, 66, 67, 68, 69, 70, 73, 78, 79, 80, 81, 83, 84, 85, 86, 87, 88, 89, 90, 91, 92, 93, 94, 97, 98, 101, 104, 105, 106, 108, 109, 110, 111, 114, 115, 116, 117, 118, 119, 122, 125, 130, 131, 135, 136, 137, 139, 140, 144, 145, 147, 148, 150, 151, 153, 155, 156, 157, 159, 160, 161, 163, 179], "summary": {"covered_lines": 93, "num_statements": 94, "percent_covered": 94.91525423728814, "percent_covered_display": "95", "missing_lines": 1, "excluded_lines": 0, "num_branches": 24, "num_partial_branches": 5, "covered_branches": 19, "missing_branches": 5}, "missing_lines": [96], "excluded_lines": [], "executed_branches": [[66, 67], [66, 68], [68, 69], [68, 70], [83, 84], [83, 97], [86, 83], [86, 87], [88, 89], [92, 93], [108, 109], [108, 119], [109, 110], [109, 111], [111, 114], [111, 115], [115, 116], [117, 118], [156, 157]], "missing_branches": [[88, 90], [92, 96], [115, 117], [117, 108], [156, 159]]}}}, "backend/app/core/models/__init__.py": {"executed_lines": [1, 3, 17], "summary": {"covered_lines": 2, "num_statements": 2, "percent_covered": 100.0, "percent_covered_display": "100", "missing_lines": 0, "excluded_lines": 0, "num_branches": 0, "num_partial_branches": 0, "covered_branches": 0, "missing_branches": 0}, "missing_lines": [], "excluded_lines": [], "executed_branches": [], "missing_branches": [], "functions": {"": {"executed_lines": [1, 3, 17], "summary": {"covered_lines": 2, "num_statements": 2, "percent_covered": 100.0, "percent_covered_display": "100", "missing_lines": 0, "excluded_lines": 0, "num_branches": 0, "num_partial_branches": 0, "covered_branches": 0, "missing_branches": 0}, "missing_lines": [], "excluded_lines": [], "executed_branches": [], "missing_branches": []}}, "classes": {"": {"executed_lines": [1, 3, 17], "summary": {"covered_lines": 2, "num_statements": 2, "percent_covered": 100.0, "percent_covered_display": "100", "missing_lines": 0, "excluded_lines": 0, "num_branches": 0, "num_partial_branches": 0, "covered_branches": 0, "missing_branches": 0}, "missing_lines": [], "excluded_lines": [], "executed_branches": [], "missing_branches": []}}}, "backend/app/core/models/geometry.py": {"executed_lines": [1, 3, 5, 6, 7, 8, 9, 11, 14, 15, 16, 18, 19, 20, 22, 24, 25, 27, 29, 30, 40, 41, 42, 43, 44, 45, 46, 47, 52, 55, 56, 57, 59, 60, 61, 62, 64, 66, 67, 68, 69, 70, 71, 72, 73, 76, 77, 78, 80, 81, 83, 84, 85, 86, 87, 88, 91, 92, 93, 95, 96, 97, 99, 100, 101, 102, 103, 104, 105, 106, 109, 110, 111, 113, 114, 115, 116, 117, 119, 120, 121, 127, 128, 129, 130, 131, 133, 136, 137, 138, 140, 141, 142, 143, 144, 146, 147, 148, 149, 150, 151, 152, 153, 154, 155, 156, 157, 160, 161, 162, 164, 165, 166, 168, 169, 170, 171, 172, 173, 174, 177, 178, 179, 181, 182, 183, 184, 186, 187, 192, 194, 196, 198, 201, 204, 205, 207, 217, 218, 219, 220, 221, 224, 226, 228, 230, 239, 242, 243, 245, 246, 247, 248, 249, 250, 251, 252, 253, 254, 255, 258, 260, 261, 262, 264, 266, 273, 274, 275, 277, 279, 286, 288, 290, 293, 296, 297, 299, 303, 304, 305, 307, 309, 316, 318, 329, 330, 332, 343, 358, 372, 386, 398, 407, 417, 418, 419, 421, 422, 423, 424, 426, 432, 439, 451, 452, 475, 476, 477, 479, 480, 481, 483, 488, 498, 504, 505, 544, 545, 547], "summary": {"covered_lines": 208, "num_statements": 270, "percent_covered": 70.55555555555556, "percent_covered_display": "71", "missing_lines": 62, "excluded_lines": 0, "num_branches": 90, "num_partial_branches": 14, "covered_branches": 46, "missing_branches": 44}, "missing_lines": [26, 132, 193, 256, 294, 295, 306, 313, 314, 429, 430, 435, 436, 437, 442, 447, 448, 449, 455, 456, 457, 460, 461, 462, 463, 465, 466, 467, 468, 469, 470, 471, 472, 486, 491, 492, 493, 494, 495, 496, 501, 502, 508, 509, 511, 512, 513, 523, 525, 526, 528, 529, 531, 532, 533, 534, 535, 537, 538, 539, 541, 546], "excluded_lines": [], "executed_branches": [[25, 27], [40, 41], [40, 42], [44, 45], [44, 46], [67, 68], [67, 69], [69, 70], [69, 71], [71, 72], [71, 73], [86, 87], [86, 88], [102, 103], [104, 105], [104, 106], [127, 128], [127, 129], [129, 130], [131, 133], [148, 149], [151, 152], [153, 154], [155, 156], [172, 173], [192, 194], [246, 247], [246, 248], [248, 249], [248, 250], [250, 251], [250, 252], [252, 253], [252, 254], [254, 255], [266, 273], [266, 275], [273, 266], [273, 274], [279, -277], [279, 286], [293, 296], [304, 305], [304, 307], [305, 304], [545, 547]], "missing_branches": [[25, 26], [102, 104], [129, 131], [131, 132], [148, 150], [151, 153], [153, 155], [155, 157], [172, 174], [192, 193], [254, 256], [293, 294], [305, 306], [436, -432], [436, 437], [447, 448], [447, 449], [455, 456], [455, 457], [462, 463], [462, 465], [469, 470], [469, 472], [470, 469], [470, 471], [492, 493], [492, 494], [494, 495], [494, 496], [508, 509], [508, 511], [512, 513], [512, 523], [532, 533], [532, 537], [533, 534], [533, 537], [534, 533], [534, 535], [537, 538], [537, 541], [538, 537], [538, 539], [545, 546]], "functions": {"SourceReference.to_dict": {"executed_lines": [24, 25, 27], "summary": {"covered_lines": 3, "num_statements": 4, "percent_covered": 66.66666666666667, "percent_covered_display": "67", "missing_lines": 1, "excluded_lines": 0, "num_branches": 2, "num_partial_branches": 1, "covered_branches": 1, "missing_branches": 1}, "missing_lines": [26], "excluded_lines": [], "executed_branches": [[25, 27]], "missing_branches": [[25, 26]]}, "SourceReference.from_mapping": {"executed_lines": [40, 41, 42, 43, 44, 45, 46, 47, 52], "summary": {"covered_lines": 9, "num_statements": 9, "percent_covered": 100.0, "percent_covered_display": "100", "missing_lines": 0, "excluded_lines": 0, "num_branches": 4, "num_partial_branches": 0, "covered_branches": 4, "missing_branches": 0}, "missing_lines": [], "excluded_lines": [], "executed_branches": [[40, 41], [40, 42], [44, 45], [44, 46]], "missing_branches": []}, "GeometryEntity.to_dict": {"executed_lines": [66, 67, 68, 69, 70, 71, 72, 73], "summary": {"covered_lines": 8, "num_statements": 8, "percent_covered": 100.0, "percent_covered_display": "100", "missing_lines": 0, "excluded_lines": 0, "num_branches": 6, "num_partial_branches": 0, "covered_branches": 6, "missing_branches": 0}, "missing_lines": [], "excluded_lines": [], "executed_branches": [[67, 68], [67, 69], [69, 70], [69, 71], [71, 72], [71, 73]], "missing_branches": []}, "Level.to_dict": {"executed_lines": [84, 85, 86, 87, 88], "summary": {"covered_lines": 5, "num_statements": 5, "percent_covered": 100.0, "percent_covered_display": "100", "missing_lines": 0, "excluded_lines": 0, "num_branches": 2, "num_partial_branches": 0, "covered_branches": 2, "missing_branches": 0}, "missing_lines": [], "excluded_lines": [], "executed_branches": [[86, 87], [86, 88]], "missing_branches": []}, "Space.to_dict": {"executed_lines": [100, 101, 102, 103, 104, 105, 106], "summary": {"covered_lines": 7, "num_statements": 7, "percent_covered": 90.9090909090909, "percent_covered_display": "91", "missing_lines": 0, "excluded_lines": 0, "num_branches": 4, "num_partial_branches": 1, "covered_branches": 3, "missing_branches": 1}, "missing_lines": [], "excluded_lines": [], "executed_branches": [[102, 103], [104, 105], [104, 106]], "missing_branches": [[102, 104]]}, "Wall.to_dict": {"executed_lines": [120, 121, 127, 128, 129, 130, 131, 133], "summary": {"covered_lines": 8, "num_statements": 9, "percent_covered": 80.0, "percent_covered_display": "80", "missing_lines": 1, "excluded_lines": 0, "num_branches": 6, "num_partial_branches": 2, "covered_branches": 4, "missing_branches": 2}, "missing_lines": [132], "excluded_lines": [], "executed_branches": [[127, 128], [127, 129], [129, 130], [131, 133]], "missing_branches": [[129, 131], [131, 132]]}, "Door.to_dict": {"executed_lines": [147, 148, 149, 150, 151, 152, 153, 154, 155, 156, 157], "summary": {"covered_lines": 11, "num_statements": 11, "percent_covered": 78.94736842105263, "percent_covered_display": "79", "missing_lines": 0, "excluded_lines": 0, "num_branches": 8, "num_partial_branches": 4, "covered_branches": 4, "missing_branches": 4}, "missing_lines": [], "excluded_lines": [], "executed_branches": [[148, 149], [151, 152], [153, 154], [155, 156]], "missing_branches": [[148, 150], [151, 153], [153, 155], [155, 157]]}, "Fixture.to_dict": {"executed_lines": [169, 170, 171, 172, 173, 174], "summary": {"covered_lines": 6, "num_statements": 6, "percent_covered": 87.5, "percent_covered_display": "88", "missing_lines": 0, "excluded_lines": 0, "num_branches": 2, "num_partial_branches": 1, "covered_branches": 1, "missing_branches": 1}, "missing_lines": [], "excluded_lines": [], "executed_branches": [[172, 173]], "missing_branches": [[172, 174]]}, "Relationship.to_dict": {"executed_lines": [187, 192, 194], "summary": {"covered_lines": 3, "num_statements": 4, "percent_covered": 66.66666666666667, "percent_covered_display": "67", "missing_lines": 1, "excluded_lines": 0, "num_branches": 2, "num_partial_branches": 1, "covered_branches": 1, "missing_branches": 1}, "missing_lines": [193], "excluded_lines": [], "executed_branches": [[192, 194]], "missing_branches": [[192, 193]]}, "Relationship.key": {"executed_lines": [198], "summary": {"covered_lines": 1, "num_statements": 1, "percent_covered": 100.0, "percent_covered_display": "100", "missing_lines": 0, "excluded_lines": 0, "num_branches": 0, "num_partial_branches": 0, "covered_branches": 0, "missing_branches": 0}, "missing_lines": [], "excluded_lines": [], "executed_branches": [], "missing_branches": []}, "GeometryGraph.__init__": {"executed_lines": [217, 218, 219, 220, 221, 224], "summary": {"covered_lines": 6, "num_statements": 6, "percent_covered": 100.0, "percent_covered_display": "100", "missing_lines": 0, "excluded_lines": 0, "num_branches": 0, "num_partial_branches": 0, "covered_branches": 0, "missing_branches": 0}, "missing_lines": [], "excluded_lines": [], "executed_branches": [], "missing_branches": []}, "GeometryGraph.copy": {"executed_lines": [228, 230], "summary": {"covered_lines": 2, "num_statements": 2, "percent_covered": 100.0, "percent_covered_display": "100", "missing_lines": 0, "excluded_lines": 0, "num_branches": 0, "num_partial_branches": 0, "covered_branches": 0, "missing_branches": 0}, "missing_lines": [], "excluded_lines": [], "executed_branches": [], "missing_branches": []}, "GeometryGraph.fingerprint": {"executed_lines": [242, 243], "summary": {"covered_lines": 2, "num_statements": 2, "percent_covered": 100.0, "percent_covered_display": "100", "missing_lines": 0, "excluded_lines": 0, "num_branches": 0, "num_partial_branches": 0, "covered_branches": 0, "missing_branches": 0}, "missing_lines": [], "excluded_lines": [], "executed_branches": [], "missing_branches": []}, "GeometryGraph._get_collection_for": {"executed_lines": [246, 247, 248, 249, 250, 251, 252, 253, 254, 255], "summary": {"covered_lines": 10, "num_statements": 11, "percent_covered": 90.47619047619048, "percent_covered_display": "90", "missing_lines": 1, "excluded_lines": 0, "num_branches": 10, "num_partial_branches": 1, "covered_branches": 9, "missing_branches": 1}, "missing_lines": [256], "excluded_lines": [], "executed_branches": [[246, 247], [246, 248], [248, 249], [248, 250], [250, 251], [250, 252], [252, 253], [252, 254], [254, 255]], "missing_branches": [[254, 256]]}, "GeometryGraph.add_entity": {"executed_lines": [260, 261, 262], "summary": {"covered_lines": 3, "num_statements": 3, "percent_covered": 100.0, "percent_covered_display": "100", "missing_lines": 0, "excluded_lines": 0, "num_branches": 0, "num_partial_branches": 0, "covered_branches": 0, "missing_branches": 0}, "missing_lines": [], "excluded_lines": [], "executed_branches": [], "missing_branches": []}, "GeometryGraph.get_entity": {"executed_lines": [266, 273, 274, 275], "summary": {"covered_lines": 4, "num_statements": 4, "percent_covered": 100.0, "percent_covered_display": "100", "missing_lines": 0, "excluded_lines": 0, "num_branches": 4, "num_partial_branches": 0, "covered_branches": 4, "missing_branches": 0}, "missing_lines": [], "excluded_lines": [], "executed_branches": [[266, 273], [266, 275], [273, 266], [273, 274]], "missing_branches": []}, "GeometryGraph.iter_entities": {"executed_lines": [279, 286], "summary": {"covered_lines": 2, "num_statements": 2, "percent_covered": 100.0, "percent_covered_display": "100", "missing_lines": 0, "excluded_lines": 0, "num_branches": 2, "num_partial_branches": 0, "covered_branches": 2, "missing_branches": 0}, "missing_lines": [], "excluded_lines": [], "executed_branches": [[279, -277], [279, 286]], "missing_branches": []}, "GeometryGraph.add_relationship": {"executed_lines": [290, 293, 296, 297], "summary": {"covered_lines": 4, "num_statements": 6, "percent_covered": 6
[...]
5, 26, 27, 28, 29, 30, 31, 32, 63, 64], "executed_branches": [[42, 43], [57, 58], [57, 59], [68, 77], [109, 110], [109, 111], [111, 112], [111, 113], [113, 114], [113, 115], [115, 116], [115, 117], [117, 118], [117, 119], [119, 120], [119, 121]], "missing_branches": [[42, 45], [68, 72]]}}}, "backend/app/utils/metrics.py": {"executed_lines": [1, 3, 5, 6, 7, 8, 10, 11, 28, 29, 32, 33, 34, 35, 36, 37, 38, 39, 40, 41, 42, 43, 44, 45, 46, 47, 48, 49, 50, 51, 52, 53, 54, 55, 56, 59, 88, 90, 97, 104, 111, 118, 125, 132, 139, 146, 153, 160, 167, 174, 181, 188, 195, 202, 209, 216, 223, 230, 237, 244, 251, 259, 262, 265, 268, 271, 272, 273, 274, 275, 276, 277, 278, 279, 281, 282, 283, 284, 285, 286, 287, 289, 290, 291, 293, 294, 295, 296, 297, 298, 303, 304, 305, 307, 308, 309, 312, 319, 320, 322, 323, 324, 325, 329, 332, 334, 339, 356, 359, 360, 361, 363, 364, 365, 370, 376, 379, 380, 383, 386, 387, 389, 390, 391, 406, 407, 408, 409, 410, 411, 412, 414, 415, 416, 417, 418, 420, 421, 422, 424, 425, 427, 428, 431, 432, 433, 434, 435, 437, 440, 441, 444, 447, 465, 468, 471, 472, 473, 475, 476, 477, 479, 480, 481, 482, 483, 485, 486, 487, 488, 493, 496], "summary": {"covered_lines": 168, "num_statements": 208, "percent_covered": 74.46043165467626, "percent_covered_display": "74", "missing_lines": 40, "excluded_lines": 4, "num_branches": 70, "num_partial_branches": 15, "covered_branches": 39, "missing_branches": 31}, "missing_lines": [300, 326, 330, 357, 373, 392, 393, 394, 395, 396, 397, 400, 401, 402, 403, 404, 413, 419, 423, 429, 430, 442, 443, 448, 449, 450, 451, 453, 454, 455, 456, 457, 458, 459, 460, 461, 462, 469, 484, 490], "excluded_lines": [10, 11, 18, 19], "executed_branches": [[276, 277], [276, 286], [286, 287], [286, 289], [290, 291], [290, 293], [295, 296], [297, 298], [319, 320], [319, 322], [325, 329], [329, 332], [356, 359], [360, 361], [360, 363], [391, 406], [407, 408], [409, 410], [409, 411], [412, 414], [415, 416], [415, 432], [418, 420], [420, 415], [420, 421], [422, 424], [424, 425], [424, 427], [433, 434], [441, 444], [468, 471], [472, 473], [472, 475], [479, 480], [480, 481], [480, 487], [481, 482], [481, 483], [483, 485]], "missing_branches": [[295, 300], [297, 300], [325, 326], [329, 330], [356, 357], [391, 392], [394, 395], [394, 406], [396, 397], [396, 400], [401, 402], [401, 403], [403, 404], [403, 406], [407, 437], [412, 413], [418, 419], [422, 423], [433, 435], [441, 442], [442, 441], [442, 443], [448, 449], [448, 450], [450, 451], [450, 453], [459, 460], [459, 461], [468, 469], [479, 490], [483, 484]], "functions": {"_initialize_metrics": {"executed_lines": [88, 90, 97, 104, 111, 118, 125, 132, 139, 146, 153, 160, 167, 174, 181, 188, 195, 202, 209, 216, 223, 230, 237, 244, 251], "summary": {"covered_lines": 25, "num_statements": 25, "percent_covered": 100.0, "percent_covered_display": "100", "missing_lines": 0, "excluded_lines": 0, "num_branches": 0, "num_partial_branches": 0, "covered_branches": 0, "missing_branches": 0}, "missing_lines": [], "excluded_lines": [], "executed_branches": [], "missing_branches": []}, "reset_metrics": {"executed_lines": [265], "summary": {"covered_lines": 1, "num_statements": 1, "percent_covered": 100.0, "percent_covered_display": "100", "missing_lines": 0, "excluded_lines": 0, "num_branches": 0, "num_partial_branches": 0, "covered_branches": 0, "missing_branches": 0}, "missing_lines": [], "excluded_lines": [], "executed_branches": [], "missing_branches": []}, "counter_value": {"executed_lines": [271, 272, 273, 274, 275, 276, 277, 278, 279, 281, 282, 283, 284, 285, 286, 287, 289, 290, 291, 293, 294, 295, 296, 297, 298], "summary": {"covered_lines": 25, "num_statements": 26, "percent_covered": 91.66666666666667, "percent_covered_display": "92", "missing_lines": 1, "excluded_lines": 0, "num_branches": 10, "num_partial_branches": 2, "covered_branches": 8, "missing_branches": 2}, "missing_lines": [300], "excluded_lines": [], "executed_branches": [[276, 277], [276, 286], [286, 287], [286, 289], [290, 291], [290, 293], [295, 296], [297, 298]], "missing_branches": [[295, 300], [297, 300]]}, "histogram_percentile": {"executed_lines": [319, 320, 322, 323, 324, 325, 329, 332, 334], "summary": {"covered_lines": 9, "num_statements": 11, "percent_covered": 76.47058823529412, "percent_covered_display": "76", "missing_lines": 2, "excluded_lines": 0, "num_branches": 6, "num_partial_branches": 2, "covered_branches": 4, "missing_branches": 2}, "missing_lines": [326, 330], "excluded_lines": [], "executed_branches": [[319, 320], [319, 322], [325, 329], [329, 332]], "missing_branches": [[325, 326], [329, 330]]}, "histogram_percentile_from_bucket_counts": {"executed_lines": [356, 359, 360, 361, 363, 364, 365], "summary": {"covered_lines": 7, "num_statements": 8, "percent_covered": 83.33333333333333, "percent_covered_display": "83", "missing_lines": 1, "excluded_lines": 0, "num_branches": 4, "num_partial_branches": 1, "covered_branches": 3, "missing_branches": 1}, "missing_lines": [357], "excluded_lines": [], "executed_branches": [[356, 359], [360, 361], [360, 363]], "missing_branches": [[356, 357]]}, "export_metrics": {"executed_lines": [], "summary": {"covered_lines": 0, "num_statements": 1, "percent_covered": 0.0, "percent_covered_display": "0", "missing_lines": 1, "excluded_lines": 0, "num_branches": 0, "num_partial_branches": 0, "covered_branches": 0, "missing_branches": 0}, "missing_lines": [373], "excluded_lines": [], "executed_branches": [], "missing_branches": []}, "_normalize_histogram_labels": {"executed_lines": [379, 380], "summary": {"covered_lines": 2, "num_statements": 2, "percent_covered": 100.0, "percent_covered_display": "100", "missing_lines": 0, "excluded_lines": 0, "num_branches": 0, "num_partial_branches": 0, "covered_branches": 0, "missing_branches": 0}, "missing_lines": [], "excluded_lines": [], "executed_branches": [], "missing_branches": []}, "_collect_histogram_data": {"executed_lines": [386, 387, 389, 390, 391, 406, 407, 408, 409, 410, 411, 412, 414, 415, 416, 417, 418, 420, 421, 422, 424, 425, 427, 428, 431, 432, 433, 434, 435, 437], "summary": {"covered_lines": 30, "num_statements": 46, "percent_covered": 59.45945945945946, "percent_covered_display": "59", "missing_lines": 16, "excluded_lines": 0, "num_branches": 28, "num_partial_branches": 6, "covered_branches": 14, "missing_branches": 14}, "missing_lines": [392, 393, 394, 395, 396, 397, 400, 401, 402, 403, 404, 413, 419, 423, 429, 430], "excluded_lines": [], "executed_branches": [[391, 406], [407, 408], [409, 410], [409, 411], [412, 414], [415, 416], [415, 432], [418, 420], [420, 415], [420, 421], [422, 424], [424, 425], [424, 427], [433, 434]], "missing_branches": [[391, 392], [394, 395], [394, 406], [396, 397], [396, 400], [401, 402], [401, 403], [403, 404], [403, 406], [407, 437], [412, 413], [418, 419], [422, 423], [433, 435]]}, "_labels_match": {"executed_lines": [441, 444], "summary": {"covered_lines": 2, "num_statements": 4, "percent_covered": 37.5, "percent_covered_display": "38", "missing_lines": 2, "excluded_lines": 0, "num_branches": 4, "num_partial_branches": 1, "covered_branches": 1, "missing_branches": 3}, "missing_lines": [442, 443], "excluded_lines": [], "executed_branches": [[441, 444]], "missing_branches": [[441, 442], [442, 441], [442, 443]]}, "_percentile_from_observations": {"executed_lines": [], "summary": {"covered_lines": 0, "num_statements": 14, "percent_covered": 0.0, "percent_covered_display": "0", "missing_lines": 14, "excluded_lines": 0, "num_branches": 6, "num_partial_branches": 0, "covered_branches": 0, "missing_branches": 6}, "missing_lines": [448, 449, 450, 451, 453, 454, 455, 456, 457, 458, 459, 460, 461, 462], "excluded_lines": [], "executed_branches": [], "missing_branches": [[448, 449], [448, 450], [450, 451], [450, 453], [459, 460], [459, 461]]}, "_percentile_from_buckets": {"executed_lines": [468, 471, 472, 473, 475, 476, 477, 479, 480, 481, 482, 483, 485, 486, 487, 488], "summary": {"covered_lines": 16, "num_statements": 19, "percent_covered": 80.64516129032258, "percent_covered_display": "81", "missing_lines": 3, "excluded_lines": 0, "num_branches": 12, "num_partial_branches": 3, "covered_branches": 9, "missing_branches": 3}, "missing_lines": [469, 484, 490], "excluded_lines": [], "executed_branches": [[468, 471], [472, 473], [472, 475], [479, 480], [480, 481], [480, 487], [481, 482], [481, 483], [483, 485]], "missing_branches": [[468, 469], [479, 490], [483, 484]]}, "render_latest_metrics": {"executed_lines": [496], "summary": {"covered_lines": 1, "num_statements": 1, "percent_covered": 100.0, "percent_covered_display": "100", "missing_lines": 0, "excluded_lines": 0, "num_branches": 0, "num_partial_branches": 0, "covered_branches": 0, "missing_branches": 0}, "missing_lines": [], "excluded_lines": [], "executed_branches": [], "missing_branches": []}, "": {"executed_lines": [1, 3, 5, 6, 7, 8, 10, 11, 28, 29, 32, 33, 34, 35, 36, 37, 38, 39, 40, 41, 42, 43, 44, 45, 46, 47, 48, 49, 50, 51, 52, 53, 54, 55, 56, 59, 259, 262, 268, 303, 304, 305, 307, 308, 309, 312, 339, 370, 376, 383, 440, 447, 465, 493], "summary": {"covered_lines": 50, "num_statements": 50, "percent_covered": 100.0, "percent_covered_display": "100", "missing_lines": 0, "excluded_lines": 4, "num_branches": 0, "num_partial_branches": 0, "covered_branches": 0, "missing_branches": 0}, "missing_lines": [], "excluded_lines": [10, 11, 18, 19], "executed_branches": [], "missing_branches": []}}, "classes": {"HistogramPercentile": {"executed_lines": [], "summary": {"covered_lines": 0, "num_statements": 0, "percent_covered": 100.0, "percent_covered_display": "100", "missing_lines": 0, "excluded_lines": 0, "num_branches": 0, "num_partial_branches": 0, "covered_branches": 0, "missing_branches": 0}, "missing_lines": [], "excluded_lines": [], "executed_branches": [], "missing_branches": []}, "": {"executed_lines": [1, 3, 5, 6, 7, 8, 10, 11, 28, 29, 32, 33, 34, 35, 36, 37, 38, 39, 40, 41, 42, 43, 44, 45, 46, 47, 48, 49, 50, 51, 52, 53, 54, 55, 56, 59, 88, 90, 97, 104, 111, 118, 125, 132, 139, 146, 153, 160, 167, 174, 181, 188, 195, 202, 209, 216, 223, 230, 237, 244, 251, 259, 262, 265, 268, 271, 272, 273, 274, 275, 276, 277, 278, 279, 281, 282, 283, 284, 285, 286, 287, 289, 290, 291, 293, 294, 295, 296, 297, 298, 303, 304, 305, 307, 308, 309, 312, 319, 320, 322, 323, 324, 325, 329, 332, 334, 339, 356, 359, 360, 361, 363, 364, 365, 370, 376, 379, 380, 383, 386, 387, 389, 390, 391, 406, 407, 408, 409, 410, 411, 412, 414, 415, 416, 417, 418, 420, 421, 422, 424, 425, 427, 428, 431, 432, 433, 434, 435, 437, 440, 441, 444, 447, 465, 468, 471, 472, 473, 475, 476, 477, 479, 480, 481, 482, 483, 485, 486, 487, 488, 493, 496], "summary": {"covered_lines": 168, "num_statements": 208, "percent_covered": 74.46043165467626, "percent_covered_display": "74", "missing_lines": 40, "excluded_lines": 4, "num_branches": 70, "num_partial_branches": 15, "covered_branches": 39, "missing_branches": 31}, "missing_lines": [300, 326, 330, 357, 373, 392, 393, 394, 395, 396, 397, 400, 401, 402, 403, 404, 413, 419, 423, 429, 430, 442, 443, 448, 449, 450, 451, 453, 454, 455, 456, 457, 458, 459, 460, 461, 462, 469, 484, 490], "excluded_lines": [10, 11, 18, 19], "executed_branches": [[276, 277], [276, 286], [286, 287], [286, 289], [290, 291], [290, 293], [295, 296], [297, 298], [319, 320], [319, 322], [325, 329], [329, 332], [356, 359], [360, 361], [360, 363], [391, 406], [407, 408], [409, 410], [409, 411], [412, 414], [415, 416], [415, 432], [418, 420], [420, 415], [420, 421], [422, 424], [424, 425], [424, 427], [433, 434], [441, 444], [468, 471], [472, 473], [472, 475], [479, 480], [480, 481], [480, 487], [481, 482], [481, 483], [483, 485]], "missing_branches": [[295, 300], [297, 300], [325, 326], [329, 330], [356, 357], [391, 392], [394, 395], [394, 406], [396, 397], [396, 400], [401, 402], [401, 403], [403, 404], [403, 406], [407, 437], [412, 413], [418, 419], [422, 423], [433, 435], [441, 442], [442, 441], [442, 443], [448, 449], [448, 450], [450, 451], [450, 453], [459, 460], [459, 461], [468, 469], [479, 490], [483, 484]]}}}, "backend/app/utils/render.py": {"executed_lines": [1, 3, 5, 6, 7, 8, 9, 10, 11, 14, 15, 17, 20, 23, 27, 28, 29, 33, 37, 40, 42, 45, 47, 49, 51, 52, 53, 54, 55, 56, 57, 58, 59, 60, 61, 62, 65, 67, 68, 70, 71, 72, 73, 74, 75, 76, 78, 79, 91, 92, 93, 95, 96, 97, 98, 99, 100, 101, 102, 104, 105, 106, 107, 108, 109, 110, 111, 112, 113, 114, 115, 116, 117, 120, 122, 123, 124, 125, 126, 127, 128, 129, 132], "summary": {"covered_lines": 70, "num_statements": 71, "percent_covered": 97.6470588235294, "percent_covered_display": "98", "missing_lines": 1, "excluded_lines": 15, "num_branches": 14, "num_partial_branches": 1, "covered_branches": 13, "missing_branches": 1}, "missing_lines": [35], "excluded_lines": [16, 17, 18, 19, 23, 24, 27, 28, 29, 33, 125, 126, 127, 128, 129], "executed_branches": [[57, 58], [57, 59], [60, 61], [60, 62], [71, 72], [71, 76], [73, 74], [73, 75], [95, 96], [95, 104], [100, 101], [107, 108], [107, 109]], "missing_branches": [[100, 102]], "functions": {"_HTMLDocument.write_pdf": {"executed_lines": [17], "summary": {"covered_lines": 0, "num_statements": 0, "percent_covered": 100.0, "percent_covered_display": "100", "missing_lines": 0, "excluded_lines": 1, "num_branches": 0, "num_partial_branches": 0, "covered_branches": 0, "missing_branches": 0}, "missing_lines": [], "excluded_lines": [17], "executed_branches": [], "missing_branches": []}, "_escape_pdf_text": {"executed_lines": [42], "summary": {"covered_lines": 1, "num_statements": 1, "percent_covered": 100.0, "percent_covered_display": "100", "missing_lines": 0, "excluded_lines": 0, "num_branches": 0, "num_partial_branches": 0, "covered_branches": 0, "missing_branches": 0}, "missing_lines": [], "excluded_lines": [], "executed_branches": [], "missing_branches": []}, "_strip_html_to_text": {"executed_lines": [47, 49, 51, 52, 53, 54, 55, 56, 57, 58, 59, 60, 61, 62], "summary": {"covered_lines": 14, "num_statements": 14, "percent_covered": 100.0, "percent_covered_display": "100", "missing_lines": 0, "excluded_lines": 0, "num_branches": 4, "num_partial_branches": 0, "covered_branches": 4, "missing_branches": 0}, "missing_lines": [], "excluded_lines": [], "executed_branches": [[57, 58], [57, 59], [60, 61], [60, 62]], "missing_branches": []}, "_fallback_html_to_pdf": {"executed_lines": [67, 68, 70, 71, 72, 73, 74, 75, 76, 78, 79, 91, 92, 93, 95, 96, 97, 98, 99, 100, 101, 102, 104, 105, 106, 107, 108, 109, 110, 111, 112, 113, 114, 115, 116, 117], "summary": {"covered_lines": 36, "num_statements": 36, "percent_covered": 97.82608695652173, "percent_covered_display": "98", "missing_lines": 0, "excluded_lines": 0, "num_branches": 10, "num_partial_branches": 1, "covered_branches": 9, "missing_branches": 1}, "missing_lines": [], "excluded_lines": [], "executed_branches": [[71, 72], [71, 76], [73, 74], [73, 75], [95, 96], [95, 104], [100, 101], [107, 108], [107, 109]], "missing_branches": [[100, 102]]}, "render_html_to_pdf": {"executed_lines": [122, 123, 124, 125, 126, 127, 128, 129], "summary": {"covered_lines": 3, "num_statements": 3, "percent_covered": 100.0, "percent_covered_display": "100", "missing_lines": 0, "excluded_lines": 5, "num_branches": 0, "num_partial_branches": 0, "covered_branches": 0, "missing_branches": 0}, "missing_lines": [], "excluded_lines": [125, 126, 127, 128, 129], "executed_branches": [], "missing_branches": []}, "": {"executed_lines": [1, 3, 5, 6, 7, 8, 9, 10, 11, 14, 15, 20, 23, 27, 28, 29, 33, 37, 40, 45, 65, 120, 132], "summary": {"covered_lines": 16, "num_statements": 17, "percent_covered": 94.11764705882354, "percent_covered_display": "94", "missing_lines": 1, "excluded_lines": 9, "num_branches": 0, "num_partial_branches": 0, "covered_branches": 0, "missing_branches": 0}, "missing_lines": [35], "excluded_lines": [16, 18, 19, 23, 24, 27, 28, 29, 33], "executed_branches": [], "missing_branches": []}}, "classes": {"_HTMLDocument": {"executed_lines": [17], "summary": {"covered_lines": 0, "num_statements": 0, "percent_covered": 100.0, "percent_covered_display": "100", "missing_lines": 0, "excluded_lines": 1, "num_branches": 0, "num_partial_branches": 0, "covered_branches": 0, "missing_branches": 0}, "missing_lines": [], "excluded_lines": [17], "executed_branches": [], "missing_branches": []}, "": {"executed_lines": [1, 3, 5, 6, 7, 8, 9, 10, 11, 14, 15, 20, 23, 27, 28, 29, 33, 37, 40, 42, 45, 47, 49, 51, 52, 53, 54, 55, 56, 57, 58, 59, 60, 61, 62, 65, 67, 68, 70, 71, 72, 73, 74, 75, 76, 78, 79, 91, 92, 93, 95, 96, 97, 98, 99, 100, 101, 102, 104, 105, 106, 107, 108, 109, 110, 111, 112, 113, 114, 115, 116, 117, 120, 122, 123, 124, 125, 126, 127, 128, 129, 132], "summary": {"covered_lines": 70, "num_statements": 71, "percent_covered": 97.6470588235294, "percent_covered_display": "98", "missing_lines": 1, "excluded_lines": 14, "num_branches": 14, "num_partial_branches": 1, "covered_branches": 13, "missing_branches": 1}, "missing_lines": [35], "excluded_lines": [16, 18, 19, 23, 24, 27, 28, 29, 33, 125, 126, 127, 128, 129], "executed_branches": [[57, 58], [57, 59], [60, 61], [60, 62], [71, 72], [71, 76], [73, 74], [73, 75], [95, 96], [95, 104], [100, 101], [107, 108], [107, 109]], "missing_branches": [[100, 102]]}}}, "backend/app/utils/security.py": {"executed_lines": [1, 3, 5, 6, 7, 9, 10, 11, 12, 15, 16, 18, 20, 21, 23, 25, 26, 30, 33, 34, 35, 37, 40, 41, 42, 43, 44, 45, 46, 47], "summary": {"covered_lines": 25, "num_statements": 25, "percent_covered": 100.0, "percent_covered_display": "100", "missing_lines": 0, "excluded_lines": 4, "num_branches": 4, "num_partial_branches": 0, "covered_branches": 4, "missing_branches": 0}, "missing_lines": [], "excluded_lines": [9, 10, 11, 12], "executed_branches": [[15, 16], [15, 30], [44, 45], [44, 46]], "missing_branches": [], "functions": {"hash_password": {"executed_lines": [20, 21], "summary": {"covered_lines": 2, "num_statements": 2, "percent_covered": 100.0, "percent_covered_display": "100", "missing_lines": 0, "excluded_lines": 0, "num_branches": 0, "num_partial_branches": 0, "covered_branches": 0, "missing_branches": 0}, "missing_lines": [], "excluded_lines": [], "executed_branches": [], "missing_branches": []}, "verify_password": {"executed_lines": [25, 26], "summary": {"covered_lines": 2, "num_statements": 2, "percent_covered": 100.0, "percent_covered_display": "100", "missing_lines": 0, "excluded_lines": 0, "num_branches": 0, "num_partial_branches": 0, "covered_branches": 0, "missing_branches": 0}, "missing_lines": [], "excluded_lines": [], "executed_branches": [], "missing_branches": []}, "": {"executed_lines": [1, 3, 5, 6, 7, 9, 10, 11, 12, 15, 16, 18, 23, 30, 33, 34, 35, 37, 40, 41, 42, 43, 44, 45, 46, 47], "summary": {"covered_lines": 21, "num_statements": 21, "percent_covered": 100.0, "percent_covered_display": "100", "missing_lines": 0, "excluded_lines": 4, "num_branches": 4, "num_partial_branches": 0, "covered_branches": 4, "missing_branches": 0}, "missing_lines": [], "excluded_lines": [9, 10, 11, 12], "executed_branches": [[15, 16], [15, 30], [44, 45], [44, 46]], "missing_branches": []}}, "classes": {"": {"executed_lines": [1, 3, 5, 6, 7, 9, 10, 11, 12, 15, 16, 18, 20, 21, 23, 25, 26, 30, 33, 34, 35, 37, 40, 41, 42, 43, 44, 45, 46, 47], "summary": {"covered_lines": 25, "num_statements": 25, "percent_covered": 100.0, "percent_covered_display": "100", "missing_lines": 0, "excluded_lines": 4, "num_branches": 4, "num_partial_branches": 0, "covered_branches": 4, "missing_branches": 0}, "missing_lines": [], "excluded_lines": [9, 10, 11, 12], "executed_branches": [[15, 16], [15, 30], [44, 45], [44, 46]], "missing_branches": []}}}}, "totals": {"covered_lines": 5410, "num_statements": 6005, "percent_covered": 86.27040602762662, "percent_covered_display": "86", "missing_lines": 595, "excluded_lines": 152, "num_branches": 1162, "num_partial_branches": 203, "covered_branches": 773, "missing_branches": 389}}
